2025-09-21 03:49:42,747 - __main__ - ERROR - Критическая ошибка при запуске: DefaultBotProperties.__init__() got an unexpected keyword argument 'disable_web_page_preview'
2025-09-21 03:52:43,116 - __main__ - ERROR - Критическая ошибка при запуске: DefaultBotProperties.__init__() got an unexpected keyword argument 'disable_web_page_preview'
2025-09-21 03:55:41,920 - database - INFO - 💾 Database Service инициализирован
2025-09-21 03:55:42,026 - database - ERROR - ❌ Ошибка инициализации БД: 'coroutine' object does not support the asynchronous context manager protocol
2025-09-21 03:55:42,027 - __main__ - ERROR - Критическая ошибка при запуске: 'coroutine' object does not support the asynchronous context manager protocol
2025-09-21 03:59:18,462 - database - INFO - 💾 Database Service инициализирован
2025-09-21 03:59:18,522 - database - ERROR - ❌ Ошибка инициализации БД: 'coroutine' object does not support the asynchronous context manager protocol
2025-09-21 03:59:18,523 - __main__ - ERROR - Критическая ошибка при запуске: 'coroutine' object does not support the asynchronous context manager protocol
2025-09-21 04:05:08,466 - __main__ - ERROR - Критическая ошибка при запуске: 'DatabaseConfig' object has no attribute 'path'
2025-09-21 04:11:03,017 - config - INFO - ⚙️ Конфигурация загружена
2025-09-21 04:11:04,429 - database - INFO - 💾 Database Service инициализирован
2025-09-21 04:11:04,473 - database - INFO - 📋 Таблицы созданы/обновлены
2025-09-21 04:11:04,488 - database - INFO - 💾 База данных инициализирована успешно
2025-09-21 04:11:08,402 - aiogram.dispatcher - INFO - Start polling
2025-09-21 04:11:08,491 - aiogram.dispatcher - INFO - Run polling for bot @ChaTs_big_bot id=8456242343 - 'ChaTs_big'
2025-09-21 04:11:24,167 - aiogram.event - INFO - Update id=38355271 is handled. Duration 343 ms by bot id=8456242343
2025-09-21 04:11:36,639 - aiogram.event - INFO - Update id=38355272 is handled. Duration 108 ms by bot id=8456242343
2025-09-21 04:12:38,132 - aiogram.event - INFO - Update id=38355273 is handled. Duration 360 ms by bot id=8456242343
2025-09-21 04:12:52,917 - aiogram.event - INFO - Update id=38355274 is handled. Duration 108 ms by bot id=8456242343
2025-09-21 04:19:17,631 - config - INFO - ⚙️ Конфигурация загружена
2025-09-21 04:19:18,895 - database - INFO - 💾 Database Service инициализирован
2025-09-21 04:19:18,922 - database - INFO - 📋 Таблицы созданы/обновлены
2025-09-21 04:19:18,924 - database - INFO - 💾 База данных инициализирована успешно
2025-09-21 04:19:19,480 - aiogram.dispatcher - INFO - Start polling
2025-09-21 04:19:19,549 - aiogram.dispatcher - INFO - Run polling for bot @ChaTs_big_bot id=8456242343 - 'ChaTs_big'
2025-09-21 04:19:32,716 - aiogram.event - INFO - Update id=38355275 is handled. Duration 342 ms by bot id=8456242343
2025-09-21 04:30:13,653 - config - INFO - ⚙️ Конфигурация загружена
2025-09-21 04:30:15,073 - database - INFO - 💾 Database Service инициализирован
2025-09-21 04:30:15,088 - database - INFO - 📋 Таблицы созданы/обновлены
2025-09-21 04:30:15,090 - database - INFO - 💾 База данных инициализирована успешно
2025-09-21 04:30:15,679 - aiogram.dispatcher - INFO - Start polling
2025-09-21 04:30:15,769 - aiogram.dispatcher - INFO - Run polling for bot @ChaTs_big_bot id=8456242343 - 'ChaTs_big'
2025-09-21 04:30:37,715 - aiogram.event - INFO - Update id=38355276 is handled. Duration 311 ms by bot id=8456242343
2025-09-21 04:30:44,758 - aiogram.event - INFO - Update id=38355277 is handled. Duration 93 ms by bot id=8456242343
2025-09-21 04:30:47,657 - aiogram.event - INFO - Update id=38355278 is handled. Duration 78 ms by bot id=8456242343
2025-09-21 04:39:22,382 - config - INFO - ⚙️ Конфигурация загружена
2025-09-21 04:39:23,632 - database - INFO - 💾 Database Service инициализирован
2025-09-21 04:39:23,655 - database - INFO - 📋 Таблицы созданы/обновлены
2025-09-21 04:39:23,657 - database - INFO - 💾 База данных инициализирована успешно
2025-09-21 04:39:24,171 - aiogram.dispatcher - INFO - Start polling
2025-09-21 04:39:24,241 - aiogram.dispatcher - INFO - Run polling for bot @ChaTs_big_bot id=8456242343 - 'ChaTs_big'
2025-09-21 04:39:24,717 - aiogram.event - INFO - Update id=38355279 is handled. Duration 375 ms by bot id=8456242343
2025-09-21 04:39:56,010 - aiogram.event - INFO - Update id=38355280 is handled. Duration 0 ms by bot id=8456242343
2025-09-21 04:40:11,336 - aiogram.event - INFO - Update id=38355281 is handled. Duration 327 ms by bot id=8456242343
2025-09-21 04:40:16,289 - aiogram.event - INFO - Update id=38355282 is handled. Duration 108 ms by bot id=8456242343
2025-09-21 04:40:21,644 - aiogram.event - INFO - Update id=38355283 is handled. Duration 93 ms by bot id=8456242343
2025-09-21 04:53:26,303 - config - INFO - ⚙️ Конфигурация загружена
2025-09-21 04:53:27,732 - database - INFO - 💾 Database Service инициализирован
2025-09-21 04:53:27,750 - database - INFO - 📋 Таблицы созданы/обновлены
2025-09-21 04:53:27,753 - database - INFO - 💾 База данных инициализирована успешно
2025-09-21 04:53:27,754 - app.services.ai_service - INFO - 🧠 AI Service инициализирован
2025-09-21 04:53:27,755 - app.services.analytics_service - INFO - 📊 Analytics Service инициализирован
2025-09-21 04:53:27,756 - app.services.crypto_service - INFO - ₿ Crypto Service инициализирован
2025-09-21 04:53:27,757 - app.modules.memory_module - INFO - 🧠 Memory Module инициализирован
2025-09-21 04:53:27,758 - app.modules.moderation_module - INFO - 🛡️ Moderation Module инициализирован
2025-09-21 04:53:27,758 - app.modules.analytics_module - INFO - 📊 Analytics Module инициализирован
2025-09-21 04:53:27,759 - app.modules.behavior_module - INFO - 🌟 Behavior Module инициализирован
2025-09-21 04:53:27,760 - app.modules.stickers_module - INFO - 🎭 Stickers Module инициализирован
2025-09-21 04:53:27,761 - app.modules.crypto_module - INFO - ₿ Crypto Module инициализирован
2025-09-21 04:53:27,762 - app.modules.charts_module - INFO - 📈 Charts Module инициализирован
2025-09-21 04:53:27,768 - app.handlers - INFO - 🎛️ Все обработчики зарегистрированы
2025-09-21 04:53:28,380 - aiogram.dispatcher - INFO - Start polling
2025-09-21 04:53:28,453 - aiogram.dispatcher - INFO - Run polling for bot @ChaTs_big_bot id=8456242343 - 'ChaTs_big'
2025-09-21 04:53:28,586 - aiogram.event - INFO - Update id=38355285 is not handled. Duration 0 ms by bot id=8456242343
2025-09-21 04:53:28,711 - aiogram.event - INFO - Update id=38355284 is handled. Duration 125 ms by bot id=8456242343
2025-09-21 04:53:44,347 - aiogram.event - INFO - Update id=38355286 is handled. Duration 62 ms by bot id=8456242343
2025-09-21 04:53:47,703 - aiogram.event - INFO - Update id=38355287 is handled. Duration 405 ms by bot id=8456242343
2025-09-21 04:53:59,951 - aiogram.event - INFO - Update id=38355288 is handled. Duration 92 ms by bot id=8456242343
2025-09-21 04:54:13,304 - aiogram.event - INFO - Update id=38355289 is handled. Duration 328 ms by bot id=8456242343
2025-09-21 04:54:18,357 - aiogram.event - INFO - Update id=38355290 is handled. Duration 78 ms by bot id=8456242343
2025-09-21 04:54:26,805 - aiogram.event - INFO - Update id=38355291 is handled. Duration 78 ms by bot id=8456242343
2025-09-21 04:54:40,995 - aiogram.event - INFO - Update id=38355292 is handled. Duration 2093 ms by bot id=8456242343
2025-09-21 04:54:46,243 - aiogram.event - INFO - Update id=38355293 is handled. Duration 62 ms by bot id=8456242343
2025-09-21 04:54:54,589 - aiogram.event - INFO - Update id=38355294 is handled. Duration 93 ms by bot id=8456242343
2025-09-21 04:55:00,624 - aiogram.event - INFO - Update id=38355295 is handled. Duration 389 ms by bot id=8456242343
2025-09-21 04:55:09,846 - aiogram.event - INFO - Update id=38355296 is handled. Duration 93 ms by bot id=8456242343
2025-09-21 04:55:29,610 - aiogram.event - INFO - Update id=38355297 is handled. Duration 78 ms by bot id=8456242343
2025-09-21 04:55:39,097 - aiogram.event - INFO - Update id=38355298 is handled. Duration 62 ms by bot id=8456242343
2025-09-21 04:55:48,750 - aiogram.event - INFO - Update id=38355299 is handled. Duration 389 ms by bot id=8456242343
2025-09-21 04:56:01,374 - aiogram.event - INFO - Update id=38355300 is handled. Duration 77 ms by bot id=8456242343
2025-09-21 04:56:06,150 - aiogram.event - INFO - Update id=38355301 is handled. Duration 78 ms by bot id=8456242343
2025-09-21 04:56:08,470 - app.services.crypto_service - ERROR - Ошибка API монеты: 400
2025-09-21 04:56:08,911 - aiogram.event - INFO - Update id=38355302 is handled. Duration 1328 ms by bot id=8456242343
2025-09-21 04:56:12,480 - aiogram.event - INFO - Update id=38355303 is handled. Duration 93 ms by bot id=8456242343
2025-09-21 04:57:52,853 - aiogram.event - INFO - Update id=38355304 is handled. Duration 141 ms by bot id=8456242343
2025-09-21 04:57:57,993 - aiogram.event - INFO - Update id=38355305 is handled. Duration 343 ms by bot id=8456242343
2025-09-21 04:58:06,214 - aiogram.event - INFO - Update id=38355306 is handled. Duration 202 ms by bot id=8456242343
2025-09-21 04:58:35,865 - aiogram.event - INFO - Update id=38355307 is handled. Duration 343 ms by bot id=8456242343
2025-09-21 04:58:39,844 - aiogram.event - INFO - Update id=38355308 is handled. Duration 93 ms by bot id=8456242343
2025-09-21 05:02:32,731 - aiogram.event - INFO - Update id=38355309 is handled. Duration 343 ms by bot id=8456242343
2025-09-21 05:02:41,485 - aiogram.event - INFO - Update id=38355310 is handled. Duration 78 ms by bot id=8456242343
2025-09-21 05:06:05,179 - aiogram.event - INFO - Update id=38355311 is handled. Duration 656 ms by bot id=8456242343
2025-09-21 05:06:14,132 - aiogram.event - INFO - Update id=38355312 is handled. Duration 77 ms by bot id=8456242343
2025-09-21 05:06:27,809 - aiogram.event - INFO - Update id=38355313 is handled. Duration 93 ms by bot id=8456242343
2025-09-21 05:38:30,409 - config - INFO - ⚙️ Конфигурация v3.0 загружена успешно
2025-09-21 05:38:31,677 - database - INFO - 💾 Database Service инициализирован
2025-09-21 05:38:31,725 - database - INFO - 📋 Таблицы созданы/обновлены
2025-09-21 05:38:31,733 - database - INFO - 💾 База данных инициализирована успешно
2025-09-21 05:38:31,761 - app.services.ai_service - INFO - 🧠 AI Service инициализирован
2025-09-21 05:38:31,766 - app.services.analytics_service - INFO - 📊 Analytics Service инициализирован
2025-09-21 05:38:31,793 - app.services.crypto_service - INFO - ₿ Crypto Service инициализирован
2025-09-21 05:38:31,798 - app.modules.memory_module - INFO - 🧠 Memory Module инициализирован
2025-09-21 05:38:31,828 - app.modules.moderation_module - INFO - 🛡️ Moderation Module инициализирован
2025-09-21 05:38:31,835 - app.modules.analytics_module - INFO - 📊 Analytics Module инициализирован
2025-09-21 05:38:31,862 - app.modules.behavior_module - INFO - 🌟 Behavior Module инициализирован
2025-09-21 05:38:31,866 - app.modules.stickers_module - INFO - 🎭 Stickers Module инициализирован
2025-09-21 05:38:31,920 - app.modules.crypto_module - INFO - ₿ Crypto Module инициализирован
2025-09-21 05:38:31,926 - app.modules.charts_module - INFO - 📈 Charts Module инициализирован
2025-09-21 05:38:31,967 - __main__ - ERROR - 💥 Критическая ошибка при запуске: name 'asyncio' is not defined
2025-09-21 05:52:38,348 - config - INFO - ⚙️ Конфигурация v3.0 загружена успешно
2025-09-21 05:52:39,554 - database - INFO - 💾 Database Service инициализирован
2025-09-21 05:52:39,575 - database - INFO - 📋 Таблицы созданы/обновлены
2025-09-21 05:52:39,577 - database - INFO - 💾 База данных инициализирована успешно
2025-09-21 05:52:39,578 - app.services.ai_service - INFO - 🧠 AI Service инициализирован
2025-09-21 05:52:39,579 - app.services.analytics_service - INFO - 📊 Analytics Service инициализирован
2025-09-21 05:52:39,579 - app.services.crypto_service - INFO - ₿ Crypto Service инициализирован
2025-09-21 05:52:39,579 - app.modules.memory_module - INFO - 🧠 Memory Module инициализирован
2025-09-21 05:52:39,580 - app.modules.moderation_module - INFO - 🛡️ Moderation Module инициализирован
2025-09-21 05:52:39,580 - app.modules.analytics_module - INFO - 📊 Analytics Module инициализирован
2025-09-21 05:52:39,580 - app.modules.behavior_module - INFO - 🌟 Behavior Module инициализирован
2025-09-21 05:52:39,581 - app.modules.stickers_module - INFO - 🎭 Stickers Module инициализирован
2025-09-21 05:52:39,581 - app.modules.crypto_module - INFO - ₿ Crypto Module инициализирован
2025-09-21 05:52:39,582 - app.modules.charts_module - INFO - 📈 Charts Module инициализирован
2025-09-21 05:52:39,583 - app.modules.triggers_module - INFO - ⚡ Triggers Module инициализирован
2025-09-21 05:52:39,583 - app.modules.permissions_module - INFO - 🔒 Permissions Module инициализирован
2025-09-21 05:52:39,584 - app.modules.permissions_module - INFO - 📝 Создаем файл разрешений по умолчанию
2025-09-21 05:52:39,595 - app.handlers - INFO - 🎛️ Все обработчики v3.0 зарегистрированы
2025-09-21 05:52:40,124 - __main__ - INFO - ⚙️ Команды бота настроены
2025-09-21 05:52:40,310 - aiogram.dispatcher - INFO - Start polling
2025-09-21 05:52:40,393 - aiogram.dispatcher - INFO - Run polling for bot @ChaTs_big_bot id=8456242343 - 'ChaTs_big'
2025-09-21 05:52:40,544 - aiogram.event - INFO - Update id=38355314 is not handled. Duration 16 ms by bot id=8456242343
2025-09-21 05:52:40,545 - aiogram.event - INFO - Update id=38355315 is not handled. Duration 16 ms by bot id=8456242343
2025-09-21 05:52:40,547 - aiogram.event - INFO - Update id=38355316 is not handled. Duration 0 ms by bot id=8456242343
2025-09-21 05:52:40,547 - aiogram.event - INFO - Update id=38355317 is not handled. Duration 0 ms by bot id=8456242343
2025-09-21 05:53:37,020 - aiogram.event - INFO - Update id=38355318 is handled. Duration 453 ms by bot id=8456242343
2025-09-21 05:53:38,723 - aiogram.event - INFO - Update id=38355319 is handled. Duration 110 ms by bot id=8456242343
2025-09-21 05:53:57,349 - aiogram.event - INFO - Update id=38355320 is handled. Duration 343 ms by bot id=8456242343
2025-09-21 05:54:00,293 - aiogram.event - INFO - Update id=38355321 is handled. Duration 109 ms by bot id=8456242343
2025-09-21 05:54:03,429 - aiogram.event - INFO - Update id=38355322 is not handled. Duration 0 ms by bot id=8456242343
2025-09-21 05:54:03,431 - aiogram.event - ERROR - Cause exception while process update id=38355322 by bot id=8456242343
NameError: name 'process_permissions_command' is not defined
Traceback (most recent call last):
  File "C:\Users\Administrator\Desktop\Tel-Bot\venv\Lib\site-packages\aiogram\dispatcher\dispatcher.py", line 309, in _process_update
    response = await self.feed_update(bot, update, **kwargs)
               ^^^^^^^^^^^^^^^^^^^^^^^^^^^^^^^^^^^^^^^^^^^^^
  File "C:\Users\Administrator\Desktop\Tel-Bot\venv\Lib\site-packages\aiogram\dispatcher\dispatcher.py", line 158, in feed_update
    response = await self.update.wrap_outer_middleware(
               ^^^^^^^^^^^^^^^^^^^^^^^^^^^^^^^^^^^^^^^^
  File "C:\Users\Administrator\Desktop\Tel-Bot\venv\Lib\site-packages\aiogram\dispatcher\middlewares\error.py", line 25, in __call__
    return await handler(event, data)
           ^^^^^^^^^^^^^^^^^^^^^^^^^^
  File "C:\Users\Administrator\Desktop\Tel-Bot\venv\Lib\site-packages\aiogram\dispatcher\middlewares\user_context.py", line 56, in __call__
    return await handler(event, data)
           ^^^^^^^^^^^^^^^^^^^^^^^^^^
  File "C:\Users\Administrator\Desktop\Tel-Bot\venv\Lib\site-packages\aiogram\fsm\middleware.py", line 42, in __call__
    return await handler(event, data)
           ^^^^^^^^^^^^^^^^^^^^^^^^^^
  File "C:\Users\Administrator\Desktop\Tel-Bot\venv\Lib\site-packages\aiogram\dispatcher\event\telegram.py", line 121, in trigger
    return await wrapped_inner(event, kwargs)
           ^^^^^^^^^^^^^^^^^^^^^^^^^^^^^^^^^^
  File "C:\Users\Administrator\Desktop\Tel-Bot\venv\Lib\site-packages\aiogram\dispatcher\event\handler.py", line 43, in call
    return await wrapped()
           ^^^^^^^^^^^^^^^
  File "C:\Users\Administrator\Desktop\Tel-Bot\venv\Lib\site-packages\aiogram\dispatcher\dispatcher.py", line 276, in _listen_update
    return await self.propagate_event(update_type=update_type, event=event, **kwargs)
           ^^^^^^^^^^^^^^^^^^^^^^^^^^^^^^^^^^^^^^^^^^^^^^^^^^^^^^^^^^^^^^^^^^^^^^^^^^
  File "C:\Users\Administrator\Desktop\Tel-Bot\venv\Lib\site-packages\aiogram\dispatcher\router.py", line 146, in propagate_event
    return await observer.wrap_outer_middleware(_wrapped, event=event, data=kwargs)
           ^^^^^^^^^^^^^^^^^^^^^^^^^^^^^^^^^^^^^^^^^^^^^^^^^^^^^^^^^^^^^^^^^^^^^^^^
  File "C:\Users\Administrator\Desktop\Tel-Bot\venv\Lib\site-packages\aiogram\dispatcher\router.py", line 141, in _wrapped
    return await self._propagate_event(
           ^^^^^^^^^^^^^^^^^^^^^^^^^^^^
  File "C:\Users\Administrator\Desktop\Tel-Bot\venv\Lib\site-packages\aiogram\dispatcher\router.py", line 174, in _propagate_event
    response = await router.propagate_event(update_type=update_type, event=event, **kwargs)
               ^^^^^^^^^^^^^^^^^^^^^^^^^^^^^^^^^^^^^^^^^^^^^^^^^^^^^^^^^^^^^^^^^^^^^^^^^^^^
  File "C:\Users\Administrator\Desktop\Tel-Bot\venv\Lib\site-packages\aiogram\dispatcher\router.py", line 146, in propagate_event
    return await observer.wrap_outer_middleware(_wrapped, event=event, data=kwargs)
           ^^^^^^^^^^^^^^^^^^^^^^^^^^^^^^^^^^^^^^^^^^^^^^^^^^^^^^^^^^^^^^^^^^^^^^^^
  File "C:\Users\Administrator\Desktop\Tel-Bot\venv\Lib\site-packages\aiogram\dispatcher\router.py", line 141, in _wrapped
    return await self._propagate_event(
           ^^^^^^^^^^^^^^^^^^^^^^^^^^^^
  File "C:\Users\Administrator\Desktop\Tel-Bot\venv\Lib\site-packages\aiogram\dispatcher\router.py", line 166, in _propagate_event
    response = await observer.trigger(event, **kwargs)
               ^^^^^^^^^^^^^^^^^^^^^^^^^^^^^^^^^^^^^^^
  File "C:\Users\Administrator\Desktop\Tel-Bot\venv\Lib\site-packages\aiogram\dispatcher\event\telegram.py", line 121, in trigger
    return await wrapped_inner(event, kwargs)
           ^^^^^^^^^^^^^^^^^^^^^^^^^^^^^^^^^^
  File "C:\Users\Administrator\Desktop\Tel-Bot\venv\Lib\site-packages\aiogram\dispatcher\event\handler.py", line 43, in call
    return await wrapped()
           ^^^^^^^^^^^^^^^
  File "C:\Users\Administrator\Desktop\Tel-Bot\app\handlers\__init__.py", line 343, in permissions_handler
    await process_permissions_command(message, modules)
          ^^^^^^^^^^^^^^^^^^^^^^^^^^^
NameError: name 'process_permissions_command' is not defined
2025-09-21 05:54:24,646 - aiogram.event - INFO - Update id=38355323 is not handled. Duration 14 ms by bot id=8456242343
2025-09-21 05:54:24,650 - aiogram.event - ERROR - Cause exception while process update id=38355323 by bot id=8456242343
NameError: name 'process_triggers_command' is not defined
Traceback (most recent call last):
  File "C:\Users\Administrator\Desktop\Tel-Bot\venv\Lib\site-packages\aiogram\dispatcher\dispatcher.py", line 309, in _process_update
    response = await self.feed_update(bot, update, **kwargs)
               ^^^^^^^^^^^^^^^^^^^^^^^^^^^^^^^^^^^^^^^^^^^^^
  File "C:\Users\Administrator\Desktop\Tel-Bot\venv\Lib\site-packages\aiogram\dispatcher\dispatcher.py", line 158, in feed_update
    response = await self.update.wrap_outer_middleware(
               ^^^^^^^^^^^^^^^^^^^^^^^^^^^^^^^^^^^^^^^^
  File "C:\Users\Administrator\Desktop\Tel-Bot\venv\Lib\site-packages\aiogram\dispatcher\middlewares\error.py", line 25, in __call__
    return await handler(event, data)
           ^^^^^^^^^^^^^^^^^^^^^^^^^^
  File "C:\Users\Administrator\Desktop\Tel-Bot\venv\Lib\site-packages\aiogram\dispatcher\middlewares\user_context.py", line 56, in __call__
    return await handler(event, data)
           ^^^^^^^^^^^^^^^^^^^^^^^^^^
  File "C:\Users\Administrator\Desktop\Tel-Bot\venv\Lib\site-packages\aiogram\fsm\middleware.py", line 42, in __call__
    return await handler(event, data)
           ^^^^^^^^^^^^^^^^^^^^^^^^^^
  File "C:\Users\Administrator\Desktop\Tel-Bot\venv\Lib\site-packages\aiogram\dispatcher\event\telegram.py", line 121, in trigger
    return await wrapped_inner(event, kwargs)
           ^^^^^^^^^^^^^^^^^^^^^^^^^^^^^^^^^^
  File "C:\Users\Administrator\Desktop\Tel-Bot\venv\Lib\site-packages\aiogram\dispatcher\event\handler.py", line 43, in call
    return await wrapped()
           ^^^^^^^^^^^^^^^
  File "C:\Users\Administrator\Desktop\Tel-Bot\venv\Lib\site-packages\aiogram\dispatcher\dispatcher.py", line 276, in _listen_update
    return await self.propagate_event(update_type=update_type, event=event, **kwargs)
           ^^^^^^^^^^^^^^^^^^^^^^^^^^^^^^^^^^^^^^^^^^^^^^^^^^^^^^^^^^^^^^^^^^^^^^^^^^
  File "C:\Users\Administrator\Desktop\Tel-Bot\venv\Lib\site-packages\aiogram\dispatcher\router.py", line 146, in propagate_event
    return await observer.wrap_outer_middleware(_wrapped, event=event, data=kwargs)
           ^^^^^^^^^^^^^^^^^^^^^^^^^^^^^^^^^^^^^^^^^^^^^^^^^^^^^^^^^^^^^^^^^^^^^^^^
  File "C:\Users\Administrator\Desktop\Tel-Bot\venv\Lib\site-packages\aiogram\dispatcher\router.py", line 141, in _wrapped
    return await self._propagate_event(
           ^^^^^^^^^^^^^^^^^^^^^^^^^^^^
  File "C:\Users\Administrator\Desktop\Tel-Bot\venv\Lib\site-packages\aiogram\dispatcher\router.py", line 174, in _propagate_event
    response = await router.propagate_event(update_type=update_type, event=event, **kwargs)
               ^^^^^^^^^^^^^^^^^^^^^^^^^^^^^^^^^^^^^^^^^^^^^^^^^^^^^^^^^^^^^^^^^^^^^^^^^^^^
  File "C:\Users\Administrator\Desktop\Tel-Bot\venv\Lib\site-packages\aiogram\dispatcher\router.py", line 146, in propagate_event
    return await observer.wrap_outer_middleware(_wrapped, event=event, data=kwargs)
           ^^^^^^^^^^^^^^^^^^^^^^^^^^^^^^^^^^^^^^^^^^^^^^^^^^^^^^^^^^^^^^^^^^^^^^^^
  File "C:\Users\Administrator\Desktop\Tel-Bot\venv\Lib\site-packages\aiogram\dispatcher\router.py", line 141, in _wrapped
    return await self._propagate_event(
           ^^^^^^^^^^^^^^^^^^^^^^^^^^^^
  File "C:\Users\Administrator\Desktop\Tel-Bot\venv\Lib\site-packages\aiogram\dispatcher\router.py", line 166, in _propagate_event
    response = await observer.trigger(event, **kwargs)
               ^^^^^^^^^^^^^^^^^^^^^^^^^^^^^^^^^^^^^^^
  File "C:\Users\Administrator\Desktop\Tel-Bot\venv\Lib\site-packages\aiogram\dispatcher\event\telegram.py", line 121, in trigger
    return await wrapped_inner(event, kwargs)
           ^^^^^^^^^^^^^^^^^^^^^^^^^^^^^^^^^^
  File "C:\Users\Administrator\Desktop\Tel-Bot\venv\Lib\site-packages\aiogram\dispatcher\event\handler.py", line 43, in call
    return await wrapped()
           ^^^^^^^^^^^^^^^
  File "C:\Users\Administrator\Desktop\Tel-Bot\app\handlers\__init__.py", line 261, in triggers_handler
    await process_triggers_command(message, modules)
          ^^^^^^^^^^^^^^^^^^^^^^^^
NameError: name 'process_triggers_command' is not defined
2025-09-21 05:54:32,974 - aiogram.event - INFO - Update id=38355324 is not handled. Duration 16 ms by bot id=8456242343
2025-09-21 05:54:32,976 - aiogram.event - ERROR - Cause exception while process update id=38355324 by bot id=8456242343
NameError: name 'process_triggers_command' is not defined
Traceback (most recent call last):
  File "C:\Users\Administrator\Desktop\Tel-Bot\venv\Lib\site-packages\aiogram\dispatcher\dispatcher.py", line 309, in _process_update
    response = await self.feed_update(bot, update, **kwargs)
               ^^^^^^^^^^^^^^^^^^^^^^^^^^^^^^^^^^^^^^^^^^^^^
  File "C:\Users\Administrator\Desktop\Tel-Bot\venv\Lib\site-packages\aiogram\dispatcher\dispatcher.py", line 158, in feed_update
    response = await self.update.wrap_outer_middleware(
               ^^^^^^^^^^^^^^^^^^^^^^^^^^^^^^^^^^^^^^^^
  File "C:\Users\Administrator\Desktop\Tel-Bot\venv\Lib\site-packages\aiogram\dispatcher\middlewares\error.py", line 25, in __call__
    return await handler(event, data)
           ^^^^^^^^^^^^^^^^^^^^^^^^^^
  File "C:\Users\Administrator\Desktop\Tel-Bot\venv\Lib\site-packages\aiogram\dispatcher\middlewares\user_context.py", line 56, in __call__
    return await handler(event, data)
           ^^^^^^^^^^^^^^^^^^^^^^^^^^
  File "C:\Users\Administrator\Desktop\Tel-Bot\venv\Lib\site-packages\aiogram\fsm\middleware.py", line 42, in __call__
    return await handler(event, data)
           ^^^^^^^^^^^^^^^^^^^^^^^^^^
  File "C:\Users\Administrator\Desktop\Tel-Bot\venv\Lib\site-packages\aiogram\dispatcher\event\telegram.py", line 121, in trigger
    return await wrapped_inner(event, kwargs)
           ^^^^^^^^^^^^^^^^^^^^^^^^^^^^^^^^^^
  File "C:\Users\Administrator\Desktop\Tel-Bot\venv\Lib\site-packages\aiogram\dispatcher\event\handler.py", line 43, in call
    return await wrapped()
           ^^^^^^^^^^^^^^^
  File "C:\Users\Administrator\Desktop\Tel-Bot\venv\Lib\site-packages\aiogram\dispatcher\dispatcher.py", line 276, in _listen_update
    return await self.propagate_event(update_type=update_type, event=event, **kwargs)
           ^^^^^^^^^^^^^^^^^^^^^^^^^^^^^^^^^^^^^^^^^^^^^^^^^^^^^^^^^^^^^^^^^^^^^^^^^^
  File "C:\Users\Administrator\Desktop\Tel-Bot\venv\Lib\site-packages\aiogram\dispatcher\router.py", line 146, in propagate_event
    return await observer.wrap_outer_middleware(_wrapped, event=event, data=kwargs)
           ^^^^^^^^^^^^^^^^^^^^^^^^^^^^^^^^^^^^^^^^^^^^^^^^^^^^^^^^^^^^^^^^^^^^^^^^
  File "C:\Users\Administrator\Desktop\Tel-Bot\venv\Lib\site-packages\aiogram\dispatcher\router.py", line 141, in _wrapped
    return await self._propagate_event(
           ^^^^^^^^^^^^^^^^^^^^^^^^^^^^
  File "C:\Users\Administrator\Desktop\Tel-Bot\venv\Lib\site-packages\aiogram\dispatcher\router.py", line 174, in _propagate_event
    response = await router.propagate_event(update_type=update_type, event=event, **kwargs)
               ^^^^^^^^^^^^^^^^^^^^^^^^^^^^^^^^^^^^^^^^^^^^^^^^^^^^^^^^^^^^^^^^^^^^^^^^^^^^
  File "C:\Users\Administrator\Desktop\Tel-Bot\venv\Lib\site-packages\aiogram\dispatcher\router.py", line 146, in propagate_event
    return await observer.wrap_outer_middleware(_wrapped, event=event, data=kwargs)
           ^^^^^^^^^^^^^^^^^^^^^^^^^^^^^^^^^^^^^^^^^^^^^^^^^^^^^^^^^^^^^^^^^^^^^^^^
  File "C:\Users\Administrator\Desktop\Tel-Bot\venv\Lib\site-packages\aiogram\dispatcher\router.py", line 141, in _wrapped
    return await self._propagate_event(
           ^^^^^^^^^^^^^^^^^^^^^^^^^^^^
  File "C:\Users\Administrator\Desktop\Tel-Bot\venv\Lib\site-packages\aiogram\dispatcher\router.py", line 166, in _propagate_event
    response = await observer.trigger(event, **kwargs)
               ^^^^^^^^^^^^^^^^^^^^^^^^^^^^^^^^^^^^^^^
  File "C:\Users\Administrator\Desktop\Tel-Bot\venv\Lib\site-packages\aiogram\dispatcher\event\telegram.py", line 121, in trigger
    return await wrapped_inner(event, kwargs)
           ^^^^^^^^^^^^^^^^^^^^^^^^^^^^^^^^^^
  File "C:\Users\Administrator\Desktop\Tel-Bot\venv\Lib\site-packages\aiogram\dispatcher\event\handler.py", line 43, in call
    return await wrapped()
           ^^^^^^^^^^^^^^^
  File "C:\Users\Administrator\Desktop\Tel-Bot\app\handlers\__init__.py", line 261, in triggers_handler
    await process_triggers_command(message, modules)
          ^^^^^^^^^^^^^^^^^^^^^^^^
NameError: name 'process_triggers_command' is not defined
2025-09-21 05:54:43,033 - aiogram.event - INFO - Update id=38355325 is not handled. Duration 0 ms by bot id=8456242343
2025-09-21 05:54:43,036 - aiogram.event - ERROR - Cause exception while process update id=38355325 by bot id=8456242343
NameError: name 'process_trigger_add' is not defined
Traceback (most recent call last):
  File "C:\Users\Administrator\Desktop\Tel-Bot\venv\Lib\site-packages\aiogram\dispatcher\dispatcher.py", line 309, in _process_update
    response = await self.feed_update(bot, update, **kwargs)
               ^^^^^^^^^^^^^^^^^^^^^^^^^^^^^^^^^^^^^^^^^^^^^
  File "C:\Users\Administrator\Desktop\Tel-Bot\venv\Lib\site-packages\aiogram\dispatcher\dispatcher.py", line 158, in feed_update
    response = await self.update.wrap_outer_middleware(
               ^^^^^^^^^^^^^^^^^^^^^^^^^^^^^^^^^^^^^^^^
  File "C:\Users\Administrator\Desktop\Tel-Bot\venv\Lib\site-packages\aiogram\dispatcher\middlewares\error.py", line 25, in __call__
    return await handler(event, data)
           ^^^^^^^^^^^^^^^^^^^^^^^^^^
  File "C:\Users\Administrator\Desktop\Tel-Bot\venv\Lib\site-packages\aiogram\dispatcher\middlewares\user_context.py", line 56, in __call__
    return await handler(event, data)
           ^^^^^^^^^^^^^^^^^^^^^^^^^^
  File "C:\Users\Administrator\Desktop\Tel-Bot\venv\Lib\site-packages\aiogram\fsm\middleware.py", line 42, in __call__
    return await handler(event, data)
           ^^^^^^^^^^^^^^^^^^^^^^^^^^
  File "C:\Users\Administrator\Desktop\Tel-Bot\venv\Lib\site-packages\aiogram\dispatcher\event\telegram.py", line 121, in trigger
    return await wrapped_inner(event, kwargs)
           ^^^^^^^^^^^^^^^^^^^^^^^^^^^^^^^^^^
  File "C:\Users\Administrator\Desktop\Tel-Bot\venv\Lib\site-packages\aiogram\dispatcher\event\handler.py", line 43, in call
    return await wrapped()
           ^^^^^^^^^^^^^^^
  File "C:\Users\Administrator\Desktop\Tel-Bot\venv\Lib\site-packages\aiogram\dispatcher\dispatcher.py", line 276, in _listen_update
    return await self.propagate_event(update_type=update_type, event=event, **kwargs)
           ^^^^^^^^^^^^^^^^^^^^^^^^^^^^^^^^^^^^^^^^^^^^^^^^^^^^^^^^^^^^^^^^^^^^^^^^^^
  File "C:\Users\Administrator\Desktop\Tel-Bot\venv\Lib\site-packages\aiogram\dispatcher\router.py", line 146, in propagate_event
    return await observer.wrap_outer_middleware(_wrapped, event=event, data=kwargs)
           ^^^^^^^^^^^^^^^^^^^^^^^^^^^^^^^^^^^^^^^^^^^^^^^^^^^^^^^^^^^^^^^^^^^^^^^^
  File "C:\Users\Administrator\Desktop\Tel-Bot\venv\Lib\site-packages\aiogram\dispatcher\router.py", line 141, in _wrapped
    return await self._propagate_event(
           ^^^^^^^^^^^^^^^^^^^^^^^^^^^^
  File "C:\Users\Administrator\Desktop\Tel-Bot\venv\Lib\site-packages\aiogram\dispatcher\router.py", line 174, in _propagate_event
    response = await router.propagate_event(update_type=update_type, event=event, **kwargs)
               ^^^^^^^^^^^^^^^^^^^^^^^^^^^^^^^^^^^^^^^^^^^^^^^^^^^^^^^^^^^^^^^^^^^^^^^^^^^^
  File "C:\Users\Administrator\Desktop\Tel-Bot\venv\Lib\site-packages\aiogram\dispatcher\router.py", line 146, in propagate_event
    return await observer.wrap_outer_middleware(_wrapped, event=event, data=kwargs)
           ^^^^^^^^^^^^^^^^^^^^^^^^^^^^^^^^^^^^^^^^^^^^^^^^^^^^^^^^^^^^^^^^^^^^^^^^
  File "C:\Users\Administrator\Desktop\Tel-Bot\venv\Lib\site-packages\aiogram\dispatcher\router.py", line 141, in _wrapped
    return await self._propagate_event(
           ^^^^^^^^^^^^^^^^^^^^^^^^^^^^
  File "C:\Users\Administrator\Desktop\Tel-Bot\venv\Lib\site-packages\aiogram\dispatcher\router.py", line 166, in _propagate_event
    response = await observer.trigger(event, **kwargs)
               ^^^^^^^^^^^^^^^^^^^^^^^^^^^^^^^^^^^^^^^
  File "C:\Users\Administrator\Desktop\Tel-Bot\venv\Lib\site-packages\aiogram\dispatcher\event\telegram.py", line 121, in trigger
    return await wrapped_inner(event, kwargs)
           ^^^^^^^^^^^^^^^^^^^^^^^^^^^^^^^^^^
  File "C:\Users\Administrator\Desktop\Tel-Bot\venv\Lib\site-packages\aiogram\dispatcher\event\handler.py", line 43, in call
    return await wrapped()
           ^^^^^^^^^^^^^^^
  File "C:\Users\Administrator\Desktop\Tel-Bot\app\handlers\__init__.py", line 268, in trigger_add_handler
    await process_trigger_add(message, modules)
          ^^^^^^^^^^^^^^^^^^^
NameError: name 'process_trigger_add' is not defined
2025-09-21 05:54:44,770 - aiogram.event - INFO - Update id=38355326 is not handled. Duration 14 ms by bot id=8456242343
2025-09-21 05:54:44,771 - aiogram.event - ERROR - Cause exception while process update id=38355326 by bot id=8456242343
NameError: name 'process_trigger_list' is not defined
Traceback (most recent call last):
  File "C:\Users\Administrator\Desktop\Tel-Bot\venv\Lib\site-packages\aiogram\dispatcher\dispatcher.py", line 309, in _process_update
    response = await self.feed_update(bot, update, **kwargs)
               ^^^^^^^^^^^^^^^^^^^^^^^^^^^^^^^^^^^^^^^^^^^^^
  File "C:\Users\Administrator\Desktop\Tel-Bot\venv\Lib\site-packages\aiogram\dispatcher\dispatcher.py", line 158, in feed_update
    response = await self.update.wrap_outer_middleware(
               ^^^^^^^^^^^^^^^^^^^^^^^^^^^^^^^^^^^^^^^^
  File "C:\Users\Administrator\Desktop\Tel-Bot\venv\Lib\site-packages\aiogram\dispatcher\middlewares\error.py", line 25, in __call__
    return await handler(event, data)
           ^^^^^^^^^^^^^^^^^^^^^^^^^^
  File "C:\Users\Administrator\Desktop\Tel-Bot\venv\Lib\site-packages\aiogram\dispatcher\middlewares\user_context.py", line 56, in __call__
    return await handler(event, data)
           ^^^^^^^^^^^^^^^^^^^^^^^^^^
  File "C:\Users\Administrator\Desktop\Tel-Bot\venv\Lib\site-packages\aiogram\fsm\middleware.py", line 42, in __call__
    return await handler(event, data)
           ^^^^^^^^^^^^^^^^^^^^^^^^^^
  File "C:\Users\Administrator\Desktop\Tel-Bot\venv\Lib\site-packages\aiogram\dispatcher\event\telegram.py", line 121, in trigger
    return await wrapped_inner(event, kwargs)
           ^^^^^^^^^^^^^^^^^^^^^^^^^^^^^^^^^^
  File "C:\Users\Administrator\Desktop\Tel-Bot\venv\Lib\site-packages\aiogram\dispatcher\event\handler.py", line 43, in call
    return await wrapped()
           ^^^^^^^^^^^^^^^
  File "C:\Users\Administrator\Desktop\Tel-Bot\venv\Lib\site-packages\aiogram\dispatcher\dispatcher.py", line 276, in _listen_update
    return await self.propagate_event(update_type=update_type, event=event, **kwargs)
           ^^^^^^^^^^^^^^^^^^^^^^^^^^^^^^^^^^^^^^^^^^^^^^^^^^^^^^^^^^^^^^^^^^^^^^^^^^
  File "C:\Users\Administrator\Desktop\Tel-Bot\venv\Lib\site-packages\aiogram\dispatcher\router.py", line 146, in propagate_event
    return await observer.wrap_outer_middleware(_wrapped, event=event, data=kwargs)
           ^^^^^^^^^^^^^^^^^^^^^^^^^^^^^^^^^^^^^^^^^^^^^^^^^^^^^^^^^^^^^^^^^^^^^^^^
  File "C:\Users\Administrator\Desktop\Tel-Bot\venv\Lib\site-packages\aiogram\dispatcher\router.py", line 141, in _wrapped
    return await self._propagate_event(
           ^^^^^^^^^^^^^^^^^^^^^^^^^^^^
  File "C:\Users\Administrator\Desktop\Tel-Bot\venv\Lib\site-packages\aiogram\dispatcher\router.py", line 174, in _propagate_event
    response = await router.propagate_event(update_type=update_type, event=event, **kwargs)
               ^^^^^^^^^^^^^^^^^^^^^^^^^^^^^^^^^^^^^^^^^^^^^^^^^^^^^^^^^^^^^^^^^^^^^^^^^^^^
  File "C:\Users\Administrator\Desktop\Tel-Bot\venv\Lib\site-packages\aiogram\dispatcher\router.py", line 146, in propagate_event
    return await observer.wrap_outer_middleware(_wrapped, event=event, data=kwargs)
           ^^^^^^^^^^^^^^^^^^^^^^^^^^^^^^^^^^^^^^^^^^^^^^^^^^^^^^^^^^^^^^^^^^^^^^^^
  File "C:\Users\Administrator\Desktop\Tel-Bot\venv\Lib\site-packages\aiogram\dispatcher\router.py", line 141, in _wrapped
    return await self._propagate_event(
           ^^^^^^^^^^^^^^^^^^^^^^^^^^^^
  File "C:\Users\Administrator\Desktop\Tel-Bot\venv\Lib\site-packages\aiogram\dispatcher\router.py", line 166, in _propagate_event
    response = await observer.trigger(event, **kwargs)
               ^^^^^^^^^^^^^^^^^^^^^^^^^^^^^^^^^^^^^^^
  File "C:\Users\Administrator\Desktop\Tel-Bot\venv\Lib\site-packages\aiogram\dispatcher\event\telegram.py", line 121, in trigger
    return await wrapped_inner(event, kwargs)
           ^^^^^^^^^^^^^^^^^^^^^^^^^^^^^^^^^^
  File "C:\Users\Administrator\Desktop\Tel-Bot\venv\Lib\site-packages\aiogram\dispatcher\event\handler.py", line 43, in call
    return await wrapped()
           ^^^^^^^^^^^^^^^
  File "C:\Users\Administrator\Desktop\Tel-Bot\app\handlers\__init__.py", line 282, in trigger_list_handler
    await process_trigger_list(message, modules)
          ^^^^^^^^^^^^^^^^^^^^
NameError: name 'process_trigger_list' is not defined
2025-09-21 05:54:47,870 - aiogram.event - INFO - Update id=38355327 is not handled. Duration 0 ms by bot id=8456242343
2025-09-21 05:54:47,872 - aiogram.event - ERROR - Cause exception while process update id=38355327 by bot id=8456242343
NameError: name 'process_permissions_command' is not defined
Traceback (most recent call last):
  File "C:\Users\Administrator\Desktop\Tel-Bot\venv\Lib\site-packages\aiogram\dispatcher\dispatcher.py", line 309, in _process_update
    response = await self.feed_update(bot, update, **kwargs)
               ^^^^^^^^^^^^^^^^^^^^^^^^^^^^^^^^^^^^^^^^^^^^^
  File "C:\Users\Administrator\Desktop\Tel-Bot\venv\Lib\site-packages\aiogram\dispatcher\dispatcher.py", line 158, in feed_update
    response = await self.update.wrap_outer_middleware(
               ^^^^^^^^^^^^^^^^^^^^^^^^^^^^^^^^^^^^^^^^
  File "C:\Users\Administrator\Desktop\Tel-Bot\venv\Lib\site-packages\aiogram\dispatcher\middlewares\error.py", line 25, in __call__
    return await handler(event, data)
           ^^^^^^^^^^^^^^^^^^^^^^^^^^
  File "C:\Users\Administrator\Desktop\Tel-Bot\venv\Lib\site-packages\aiogram\dispatcher\middlewares\user_context.py", line 56, in __call__
    return await handler(event, data)
           ^^^^^^^^^^^^^^^^^^^^^^^^^^
  File "C:\Users\Administrator\Desktop\Tel-Bot\venv\Lib\site-packages\aiogram\fsm\middleware.py", line 42, in __call__
    return await handler(event, data)
           ^^^^^^^^^^^^^^^^^^^^^^^^^^
  File "C:\Users\Administrator\Desktop\Tel-Bot\venv\Lib\site-packages\aiogram\dispatcher\event\telegram.py", line 121, in trigger
    return await wrapped_inner(event, kwargs)
           ^^^^^^^^^^^^^^^^^^^^^^^^^^^^^^^^^^
  File "C:\Users\Administrator\Desktop\Tel-Bot\venv\Lib\site-packages\aiogram\dispatcher\event\handler.py", line 43, in call
    return await wrapped()
           ^^^^^^^^^^^^^^^
  File "C:\Users\Administrator\Desktop\Tel-Bot\venv\Lib\site-packages\aiogram\dispatcher\dispatcher.py", line 276, in _listen_update
    return await self.propagate_event(update_type=update_type, event=event, **kwargs)
           ^^^^^^^^^^^^^^^^^^^^^^^^^^^^^^^^^^^^^^^^^^^^^^^^^^^^^^^^^^^^^^^^^^^^^^^^^^
  File "C:\Users\Administrator\Desktop\Tel-Bot\venv\Lib\site-packages\aiogram\dispatcher\router.py", line 146, in propagate_event
    return await observer.wrap_outer_middleware(_wrapped, event=event, data=kwargs)
           ^^^^^^^^^^^^^^^^^^^^^^^^^^^^^^^^^^^^^^^^^^^^^^^^^^^^^^^^^^^^^^^^^^^^^^^^
  File "C:\Users\Administrator\Desktop\Tel-Bot\venv\Lib\site-packages\aiogram\dispatcher\router.py", line 141, in _wrapped
    return await self._propagate_event(
           ^^^^^^^^^^^^^^^^^^^^^^^^^^^^
  File "C:\Users\Administrator\Desktop\Tel-Bot\venv\Lib\site-packages\aiogram\dispatcher\router.py", line 174, in _propagate_event
    response = await router.propagate_event(update_type=update_type, event=event, **kwargs)
               ^^^^^^^^^^^^^^^^^^^^^^^^^^^^^^^^^^^^^^^^^^^^^^^^^^^^^^^^^^^^^^^^^^^^^^^^^^^^
  File "C:\Users\Administrator\Desktop\Tel-Bot\venv\Lib\site-packages\aiogram\dispatcher\router.py", line 146, in propagate_event
    return await observer.wrap_outer_middleware(_wrapped, event=event, data=kwargs)
           ^^^^^^^^^^^^^^^^^^^^^^^^^^^^^^^^^^^^^^^^^^^^^^^^^^^^^^^^^^^^^^^^^^^^^^^^
  File "C:\Users\Administrator\Desktop\Tel-Bot\venv\Lib\site-packages\aiogram\dispatcher\router.py", line 141, in _wrapped
    return await self._propagate_event(
           ^^^^^^^^^^^^^^^^^^^^^^^^^^^^
  File "C:\Users\Administrator\Desktop\Tel-Bot\venv\Lib\site-packages\aiogram\dispatcher\router.py", line 166, in _propagate_event
    response = await observer.trigger(event, **kwargs)
               ^^^^^^^^^^^^^^^^^^^^^^^^^^^^^^^^^^^^^^^
  File "C:\Users\Administrator\Desktop\Tel-Bot\venv\Lib\site-packages\aiogram\dispatcher\event\telegram.py", line 121, in trigger
    return await wrapped_inner(event, kwargs)
           ^^^^^^^^^^^^^^^^^^^^^^^^^^^^^^^^^^
  File "C:\Users\Administrator\Desktop\Tel-Bot\venv\Lib\site-packages\aiogram\dispatcher\event\handler.py", line 43, in call
    return await wrapped()
           ^^^^^^^^^^^^^^^
  File "C:\Users\Administrator\Desktop\Tel-Bot\app\handlers\__init__.py", line 343, in permissions_handler
    await process_permissions_command(message, modules)
          ^^^^^^^^^^^^^^^^^^^^^^^^^^^
NameError: name 'process_permissions_command' is not defined
2025-09-21 05:54:51,559 - aiogram.event - INFO - Update id=38355328 is not handled. Duration 0 ms by bot id=8456242343
2025-09-21 05:54:51,559 - aiogram.event - ERROR - Cause exception while process update id=38355328 by bot id=8456242343
NameError: name 'process_moderation_settings' is not defined
Traceback (most recent call last):
  File "C:\Users\Administrator\Desktop\Tel-Bot\venv\Lib\site-packages\aiogram\dispatcher\dispatcher.py", line 309, in _process_update
    response = await self.feed_update(bot, update, **kwargs)
               ^^^^^^^^^^^^^^^^^^^^^^^^^^^^^^^^^^^^^^^^^^^^^
  File "C:\Users\Administrator\Desktop\Tel-Bot\venv\Lib\site-packages\aiogram\dispatcher\dispatcher.py", line 158, in feed_update
    response = await self.update.wrap_outer_middleware(
               ^^^^^^^^^^^^^^^^^^^^^^^^^^^^^^^^^^^^^^^^
  File "C:\Users\Administrator\Desktop\Tel-Bot\venv\Lib\site-packages\aiogram\dispatcher\middlewares\error.py", line 25, in __call__
    return await handler(event, data)
           ^^^^^^^^^^^^^^^^^^^^^^^^^^
  File "C:\Users\Administrator\Desktop\Tel-Bot\venv\Lib\site-packages\aiogram\dispatcher\middlewares\user_context.py", line 56, in __call__
    return await handler(event, data)
           ^^^^^^^^^^^^^^^^^^^^^^^^^^
  File "C:\Users\Administrator\Desktop\Tel-Bot\venv\Lib\site-packages\aiogram\fsm\middleware.py", line 42, in __call__
    return await handler(event, data)
           ^^^^^^^^^^^^^^^^^^^^^^^^^^
  File "C:\Users\Administrator\Desktop\Tel-Bot\venv\Lib\site-packages\aiogram\dispatcher\event\telegram.py", line 121, in trigger
    return await wrapped_inner(event, kwargs)
           ^^^^^^^^^^^^^^^^^^^^^^^^^^^^^^^^^^
  File "C:\Users\Administrator\Desktop\Tel-Bot\venv\Lib\site-packages\aiogram\dispatcher\event\handler.py", line 43, in call
    return await wrapped()
           ^^^^^^^^^^^^^^^
  File "C:\Users\Administrator\Desktop\Tel-Bot\venv\Lib\site-packages\aiogram\dispatcher\dispatcher.py", line 276, in _listen_update
    return await self.propagate_event(update_type=update_type, event=event, **kwargs)
           ^^^^^^^^^^^^^^^^^^^^^^^^^^^^^^^^^^^^^^^^^^^^^^^^^^^^^^^^^^^^^^^^^^^^^^^^^^
  File "C:\Users\Administrator\Desktop\Tel-Bot\venv\Lib\site-packages\aiogram\dispatcher\router.py", line 146, in propagate_event
    return await observer.wrap_outer_middleware(_wrapped, event=event, data=kwargs)
           ^^^^^^^^^^^^^^^^^^^^^^^^^^^^^^^^^^^^^^^^^^^^^^^^^^^^^^^^^^^^^^^^^^^^^^^^
  File "C:\Users\Administrator\Desktop\Tel-Bot\venv\Lib\site-packages\aiogram\dispatcher\router.py", line 141, in _wrapped
    return await self._propagate_event(
           ^^^^^^^^^^^^^^^^^^^^^^^^^^^^
  File "C:\Users\Administrator\Desktop\Tel-Bot\venv\Lib\site-packages\aiogram\dispatcher\router.py", line 174, in _propagate_event
    response = await router.propagate_event(update_type=update_type, event=event, **kwargs)
               ^^^^^^^^^^^^^^^^^^^^^^^^^^^^^^^^^^^^^^^^^^^^^^^^^^^^^^^^^^^^^^^^^^^^^^^^^^^^
  File "C:\Users\Administrator\Desktop\Tel-Bot\venv\Lib\site-packages\aiogram\dispatcher\router.py", line 146, in propagate_event
    return await observer.wrap_outer_middleware(_wrapped, event=event, data=kwargs)
           ^^^^^^^^^^^^^^^^^^^^^^^^^^^^^^^^^^^^^^^^^^^^^^^^^^^^^^^^^^^^^^^^^^^^^^^^
  File "C:\Users\Administrator\Desktop\Tel-Bot\venv\Lib\site-packages\aiogram\dispatcher\router.py", line 141, in _wrapped
    return await self._propagate_event(
           ^^^^^^^^^^^^^^^^^^^^^^^^^^^^
  File "C:\Users\Administrator\Desktop\Tel-Bot\venv\Lib\site-packages\aiogram\dispatcher\router.py", line 166, in _propagate_event
    response = await observer.trigger(event, **kwargs)
               ^^^^^^^^^^^^^^^^^^^^^^^^^^^^^^^^^^^^^^^
  File "C:\Users\Administrator\Desktop\Tel-Bot\venv\Lib\site-packages\aiogram\dispatcher\event\telegram.py", line 121, in trigger
    return await wrapped_inner(event, kwargs)
           ^^^^^^^^^^^^^^^^^^^^^^^^^^^^^^^^^^
  File "C:\Users\Administrator\Desktop\Tel-Bot\venv\Lib\site-packages\aiogram\dispatcher\event\handler.py", line 43, in call
    return await wrapped()
           ^^^^^^^^^^^^^^^
  File "C:\Users\Administrator\Desktop\Tel-Bot\app\handlers\__init__.py", line 300, in moderation_handler
    await process_moderation_settings(message, modules)
          ^^^^^^^^^^^^^^^^^^^^^^^^^^^
NameError: name 'process_moderation_settings' is not defined
2025-09-21 05:54:54,399 - aiogram.event - INFO - Update id=38355329 is handled. Duration 389 ms by bot id=8456242343
2025-09-21 05:55:12,561 - app.handlers - ERROR - ❌ Ошибка интеллектуальной обработки: name 'save_user_and_message' is not defined
2025-09-21 05:55:12,562 - aiogram.event - INFO - Update id=38355330 is handled. Duration 0 ms by bot id=8456242343
2025-09-21 05:55:24,775 - app.handlers - ERROR - ❌ Ошибка интеллектуальной обработки: name 'save_user_and_message' is not defined
2025-09-21 05:55:24,778 - aiogram.event - INFO - Update id=38355331 is handled. Duration 14 ms by bot id=8456242343
2025-09-21 05:55:30,452 - app.handlers - ERROR - ❌ Ошибка интеллектуальной обработки: name 'save_user_and_message' is not defined
2025-09-21 05:55:30,455 - aiogram.event - INFO - Update id=38355332 is handled. Duration 0 ms by bot id=8456242343
2025-09-21 05:55:44,900 - aiogram.event - INFO - Update id=38355333 is handled. Duration 2718 ms by bot id=8456242343
2025-09-21 05:56:15,783 - app.handlers - ERROR - ❌ Ошибка интеллектуальной обработки: name 'save_user_and_message' is not defined
2025-09-21 05:56:15,786 - aiogram.event - INFO - Update id=38355334 is handled. Duration 16 ms by bot id=8456242343
2025-09-21 05:56:42,216 - app.handlers - ERROR - ❌ Ошибка интеллектуальной обработки: name 'save_user_and_message' is not defined
2025-09-21 05:56:42,219 - aiogram.event - INFO - Update id=38355335 is handled. Duration 16 ms by bot id=8456242343
2025-09-21 05:56:59,748 - aiogram.event - INFO - Update id=38355336 is handled. Duration 781 ms by bot id=8456242343
2025-09-21 06:14:20,519 - config - INFO - ⚙️ Конфигурация v3.0 загружена успешно
2025-09-21 06:14:22,108 - database - INFO - 💾 Database Service инициализирован
2025-09-21 06:14:22,158 - database - INFO - 📋 Таблицы созданы/обновлены
2025-09-21 06:14:22,162 - database - INFO - 💾 База данных инициализирована успешно
2025-09-21 06:14:22,163 - app.services.ai_service - INFO - 🧠 AI Service инициализирован
2025-09-21 06:14:22,163 - app.services.analytics_service - INFO - 📊 Analytics Service инициализирован
2025-09-21 06:14:22,164 - app.services.crypto_service - INFO - ₿ Crypto Service инициализирован
2025-09-21 06:14:22,164 - app.modules.memory_module - INFO - 🧠 Memory Module инициализирован
2025-09-21 06:14:22,165 - app.modules.moderation_module - INFO - 🛡️ Moderation Module инициализирован
2025-09-21 06:14:22,165 - app.modules.analytics_module - INFO - 📊 Analytics Module инициализирован
2025-09-21 06:14:22,166 - app.modules.behavior_module - INFO - 🌟 Behavior Module инициализирован
2025-09-21 06:14:22,166 - app.modules.stickers_module - INFO - 🎭 Stickers Module инициализирован
2025-09-21 06:14:22,167 - app.modules.crypto_module - INFO - ₿ Crypto Module инициализирован
2025-09-21 06:14:22,168 - app.modules.charts_module - INFO - 📈 Charts Module инициализирован
2025-09-21 06:14:22,169 - app.modules.triggers_module - INFO - ⚡ Triggers Module инициализирован
2025-09-21 06:14:22,170 - app.modules.permissions_module - INFO - 🔒 Permissions Module инициализирован
2025-09-21 06:14:22,276 - app.modules.permissions_module - INFO - 📥 Настройки разрешений загружены
2025-09-21 06:14:22,287 - app.handlers - INFO - 🎛️ Все обработчики v3.0 зарегистрированы
2025-09-21 06:14:22,923 - __main__ - INFO - ⚙️ Команды бота настроены
2025-09-21 06:14:23,201 - aiogram.dispatcher - INFO - Start polling
2025-09-21 06:14:23,281 - aiogram.dispatcher - INFO - Run polling for bot @ChaTs_big_bot id=8456242343 - 'ChaTs_big'
2025-09-21 06:14:23,424 - aiogram.event - INFO - Update id=38355337 is not handled. Duration 0 ms by bot id=8456242343
2025-09-21 06:15:21,146 - aiogram.event - INFO - Update id=38355338 is handled. Duration 343 ms by bot id=8456242343
2025-09-21 06:15:31,691 - aiogram.event - INFO - Update id=38355339 is handled. Duration 2360 ms by bot id=8456242343
2025-09-21 06:17:42,607 - aiogram.event - INFO - Update id=38355340 is handled. Duration 3468 ms by bot id=8456242343
2025-09-21 06:18:23,156 - aiogram.event - INFO - Update id=38355341 is handled. Duration 1983 ms by bot id=8456242343
2025-09-21 06:18:39,043 - aiogram.event - INFO - Update id=38355342 is handled. Duration 312 ms by bot id=8456242343
2025-09-21 06:18:43,685 - aiogram.event - INFO - Update id=38355343 is handled. Duration 93 ms by bot id=8456242343
2025-09-21 06:18:50,450 - aiogram.event - INFO - Update id=38355344 is handled. Duration 108 ms by bot id=8456242343
2025-09-21 06:19:11,862 - aiogram.event - INFO - Update id=38355345 is handled. Duration 343 ms by bot id=8456242343
2025-09-21 06:20:35,753 - aiogram.event - INFO - Update id=38355346 is handled. Duration 3281 ms by bot id=8456242343
2025-09-21 06:27:58,695 - aiogram.event - INFO - Update id=38355347 is not handled. Duration 14 ms by bot id=8456242343
2025-09-21 06:29:33,547 - config - INFO - ⚙️ Конфигурация v3.0 загружена успешно
2025-09-21 06:29:34,725 - database - INFO - 💾 Database Service инициализирован
2025-09-21 06:29:34,749 - database - INFO - 📋 Таблицы созданы/обновлены
2025-09-21 06:29:34,751 - database - INFO - 💾 База данных инициализирована успешно
2025-09-21 06:29:34,753 - app.services.ai_service - INFO - 🧠 AI Service инициализирован
2025-09-21 06:29:34,754 - app.services.analytics_service - INFO - 📊 Analytics Service инициализирован
2025-09-21 06:29:34,754 - app.services.crypto_service - INFO - ₿ Crypto Service инициализирован
2025-09-21 06:29:34,755 - app.modules.memory_module - INFO - 🧠 Memory Module инициализирован
2025-09-21 06:29:34,755 - app.modules.moderation_module - INFO - 🛡️ Moderation Module инициализирован
2025-09-21 06:29:34,756 - app.modules.analytics_module - INFO - 📊 Analytics Module инициализирован
2025-09-21 06:29:34,757 - app.modules.behavior_module - INFO - 🌟 Behavior Module инициализирован
2025-09-21 06:29:34,757 - app.modules.stickers_module - INFO - 🎭 Stickers Module инициализирован
2025-09-21 06:29:34,758 - app.modules.crypto_module - INFO - ₿ Crypto Module инициализирован
2025-09-21 06:29:34,759 - app.modules.charts_module - INFO - 📈 Charts Module инициализирован
2025-09-21 06:29:34,761 - app.modules.triggers_module - INFO - ⚡ Triggers Module инициализирован
2025-09-21 06:29:34,761 - app.modules.permissions_module - INFO - 🔒 Permissions Module инициализирован
2025-09-21 06:29:34,768 - app.modules.permissions_module - INFO - 📥 Настройки разрешений загружены
2025-09-21 06:29:34,775 - app.handlers - INFO - 🎛️ Все обработчики v3.0 зарегистрированы
2025-09-21 06:29:35,289 - __main__ - INFO - ⚙️ Команды бота настроены
2025-09-21 06:29:35,458 - aiogram.dispatcher - INFO - Start polling
2025-09-21 06:29:35,535 - aiogram.dispatcher - INFO - Run polling for bot @ChaTs_big_bot id=8456242343 - 'ChaTs_big'
2025-09-21 06:29:55,661 - aiogram.event - INFO - Update id=38355348 is handled. Duration 3359 ms by bot id=8456242343
2025-09-21 06:30:10,623 - aiogram.event - INFO - Update id=38355349 is handled. Duration 2375 ms by bot id=8456242343
2025-09-21 06:30:59,245 - aiogram.event - INFO - Update id=38355350 is handled. Duration 437 ms by bot id=8456242343
2025-09-21 06:31:04,809 - aiogram.event - INFO - Update id=38355351 is handled. Duration 92 ms by bot id=8456242343
2025-09-21 06:31:07,923 - aiogram.event - INFO - Update id=38355352 is handled. Duration 93 ms by bot id=8456242343
2025-09-21 06:31:11,624 - aiogram.event - INFO - Update id=38355353 is handled. Duration 93 ms by bot id=8456242343
2025-09-21 06:31:15,307 - aiogram.event - INFO - Update id=38355354 is handled. Duration 93 ms by bot id=8456242343
2025-09-21 06:32:16,646 - aiogram.event - INFO - Update id=38355355 is handled. Duration 6389 ms by bot id=8456242343
2025-09-21 06:34:38,920 - aiogram.event - INFO - Update id=38355356 is handled. Duration 2485 ms by bot id=8456242343
2025-09-21 06:34:45,881 - aiogram.event - INFO - Update id=38355357 is handled. Duration 2922 ms by bot id=8456242343
2025-09-21 06:35:32,017 - aiogram.event - INFO - Update id=38355358 is handled. Duration 2421 ms by bot id=8456242343
2025-09-21 06:35:43,988 - aiogram.event - INFO - Update id=38355359 is handled. Duration 1952 ms by bot id=8456242343
2025-09-21 06:56:10,782 - config_harsh - INFO - 🔒 РАЗРЕШЕННЫЕ ЧАТЫ: [-1001268110120, -1001564216954]
2025-09-21 06:56:10,783 - config_harsh - INFO - 👑 АДМИНЫ: [1093943977]
2025-09-21 06:56:10,787 - config_harsh - INFO - ⚙️ Конфигурация v3.0 загружена (ГРУБЫЙ РЕЖИМ)
2025-09-21 06:56:12,108 - database - INFO - 💾 Database Service инициализирован
2025-09-21 06:56:12,135 - database - INFO - 📋 Таблицы созданы/обновлены
2025-09-21 06:56:12,137 - database - INFO - 💾 База данных инициализирована успешно
2025-09-21 06:56:12,138 - app.services.ai_service - INFO - 🧠 AI Service инициализирован
2025-09-21 06:56:12,138 - app.services.analytics_service - INFO - 📊 Analytics Service инициализирован
2025-09-21 06:56:12,139 - app.services.crypto_service - INFO - ₿ Crypto Service инициализирован
2025-09-21 06:56:12,139 - app.modules.memory_module - INFO - 🧠 Memory Module инициализирован
2025-09-21 06:56:12,139 - app.modules.moderation_module - INFO - 🛡️ Moderation Module инициализирован
2025-09-21 06:56:12,139 - app.modules.analytics_module - INFO - 📊 Analytics Module инициализирован
2025-09-21 06:56:12,140 - app.modules.behavior_module - INFO - 🌟 Behavior Module инициализирован
2025-09-21 06:56:12,141 - app.modules.stickers_module - INFO - 🎭 Stickers Module инициализирован
2025-09-21 06:56:12,141 - app.modules.crypto_module - INFO - ₿ Crypto Module инициализирован
2025-09-21 06:56:12,142 - app.modules.charts_module - INFO - 📈 Charts Module инициализирован
2025-09-21 06:56:12,143 - app.modules.triggers_module - INFO - ⚡ Triggers Module инициализирован
2025-09-21 06:56:12,144 - app.modules.permissions_module - INFO - 🔒 Permissions Module инициализирован
2025-09-21 06:56:12,145 - app.modules.permissions_module - INFO - 📥 Настройки разрешений загружены
2025-09-21 06:56:12,153 - app.handlers - INFO - 💀 ГРУБЫЕ обработчики зарегистрированы
2025-09-21 06:56:12,569 - __main__ - INFO - ⚙️ Команды настроены
2025-09-21 06:56:12,733 - aiogram.dispatcher - INFO - Start polling
2025-09-21 06:56:12,798 - aiogram.dispatcher - INFO - Run polling for bot @ChaTs_big_bot id=8456242343 - 'ChaTs_big'
2025-09-21 06:56:12,940 - aiogram.event - INFO - Update id=38355360 is not handled. Duration 0 ms by bot id=8456242343
2025-09-21 06:56:12,941 - aiogram.event - INFO - Update id=38355361 is not handled. Duration 0 ms by bot id=8456242343
2025-09-21 06:56:12,943 - aiogram.event - INFO - Update id=38355362 is not handled. Duration 14 ms by bot id=8456242343
2025-09-21 06:56:12,943 - aiogram.event - INFO - Update id=38355363 is not handled. Duration 14 ms by bot id=8456242343
2025-09-21 06:56:31,063 - aiogram.event - INFO - Update id=38355364 is handled. Duration 327 ms by bot id=8456242343
2025-09-21 06:56:43,943 - aiogram.event - INFO - Update id=38355365 is handled. Duration 92 ms by bot id=8456242343
2025-09-21 06:56:54,361 - aiogram.event - INFO - Update id=38355366 is handled. Duration 110 ms by bot id=8456242343
2025-09-21 06:57:11,196 - aiogram.event - INFO - Update id=38355367 is handled. Duration 2967 ms by bot id=8456242343
2025-09-21 06:57:25,926 - aiogram.event - INFO - Update id=38355368 is handled. Duration 1765 ms by bot id=8456242343
2025-09-21 06:57:42,910 - aiogram.event - INFO - Update id=38355369 is handled. Duration 2078 ms by bot id=8456242343
2025-09-21 06:57:53,698 - aiogram.event - INFO - Update id=38355370 is handled. Duration 108 ms by bot id=8456242343
2025-09-21 06:57:55,156 - aiogram.event - INFO - Update id=38355371 is handled. Duration 93 ms by bot id=8456242343
2025-09-21 06:57:56,647 - app.modules.moderation_module - INFO - 🛡️ Модерация: timeout для пользователя 1093943977, причина: Флуд
2025-09-21 06:57:56,752 - aiogram.event - INFO - Update id=38355372 is handled. Duration 187 ms by bot id=8456242343
2025-09-21 06:58:02,988 - app.modules.moderation_module - INFO - 🛡️ Модерация: timeout для пользователя 1093943977, причина: Флуд
2025-09-21 06:58:03,090 - aiogram.event - INFO - Update id=38355373 is handled. Duration 218 ms by bot id=8456242343
2025-09-21 07:02:29,640 - config_harsh - INFO - 🔒 РАЗРЕШЕННЫЕ ЧАТЫ: [-1001268110120, -1001564216954]
2025-09-21 07:02:29,641 - config_harsh - INFO - 👑 АДМИНЫ: [1093943977]
2025-09-21 07:02:29,644 - config_harsh - INFO - ⚙️ Конфигурация v3.0 загружена (ГРУБЫЙ РЕЖИМ)
2025-09-21 07:02:30,815 - database - INFO - 💾 Database Service инициализирован
2025-09-21 07:02:30,840 - database - INFO - 📋 Таблицы созданы/обновлены
2025-09-21 07:02:30,842 - database - INFO - 💾 База данных инициализирована успешно
2025-09-21 07:02:30,842 - app.services.ai_service - INFO - 🧠 AI Service инициализирован
2025-09-21 07:02:30,842 - app.services.analytics_service - INFO - 📊 Analytics Service инициализирован
2025-09-21 07:02:30,843 - app.services.crypto_service - INFO - ₿ Crypto Service инициализирован
2025-09-21 07:02:30,843 - app.modules.memory_module - INFO - 🧠 Memory Module инициализирован
2025-09-21 07:02:30,844 - app.modules.moderation_module - INFO - 🛡️ Moderation Module инициализирован
2025-09-21 07:02:30,845 - app.modules.analytics_module - INFO - 📊 Analytics Module инициализирован
2025-09-21 07:02:30,846 - app.modules.behavior_module - INFO - 🌟 Behavior Module инициализирован
2025-09-21 07:02:30,847 - app.modules.stickers_module - INFO - 🎭 Stickers Module инициализирован
2025-09-21 07:02:30,847 - app.modules.crypto_module - INFO - ₿ Crypto Module инициализирован
2025-09-21 07:02:30,848 - app.modules.charts_module - INFO - 📈 Charts Module инициализирован
2025-09-21 07:02:30,849 - app.modules.triggers_module - INFO - ⚡ Triggers Module инициализирован
2025-09-21 07:02:30,849 - app.modules.permissions_module - INFO - 🔒 Permissions Module инициализирован
2025-09-21 07:02:30,851 - app.modules.permissions_module - INFO - 📥 Настройки разрешений загружены
2025-09-21 07:02:30,863 - app.handlers - INFO - 💀 ГРУБЫЕ обработчики зарегистрированы
2025-09-21 07:02:31,344 - __main__ - INFO - ⚙️ Команды настроены
2025-09-21 07:02:31,514 - aiogram.dispatcher - INFO - Start polling
2025-09-21 07:02:31,581 - aiogram.dispatcher - INFO - Run polling for bot @ChaTs_big_bot id=8456242343 - 'ChaTs_big'
2025-09-21 07:02:31,822 - aiogram.event - INFO - Update id=38355379 is handled. Duration 125 ms by bot id=8456242343
2025-09-21 07:02:32,003 - aiogram.event - INFO - Update id=38355378 is handled. Duration 297 ms by bot id=8456242343
2025-09-21 07:02:33,340 - aiogram.event - INFO - Update id=38355376 is handled. Duration 1641 ms by bot id=8456242343
2025-09-21 07:02:33,564 - aiogram.event - INFO - Update id=38355381 is handled. Duration 1843 ms by bot id=8456242343
2025-09-21 07:02:33,840 - aiogram.event - INFO - Update id=38355375 is handled. Duration 2141 ms by bot id=8456242343
2025-09-21 07:02:33,959 - aiogram.event - INFO - Update id=38355377 is handled. Duration 2266 ms by bot id=8456242343
2025-09-21 07:02:35,848 - aiogram.event - INFO - Update id=38355380 is handled. Duration 4141 ms by bot id=8456242343
2025-09-21 07:03:34,011 - aiogram.event - INFO - Update id=38355382 is handled. Duration 125 ms by bot id=8456242343
2025-09-21 07:03:51,086 - aiogram.event - INFO - Update id=38355383 is handled. Duration 2046 ms by bot id=8456242343
2025-09-21 07:04:04,962 - aiogram.event - INFO - Update id=38355384 is handled. Duration 3687 ms by bot id=8456242343
2025-09-21 07:04:21,198 - aiogram.event - INFO - Update id=38355385 is handled. Duration 358 ms by bot id=8456242343
2025-09-21 07:04:23,127 - aiogram.event - INFO - Update id=38355386 is handled. Duration 0 ms by bot id=8456242343
2025-09-21 07:04:46,523 - aiogram.event - INFO - Update id=38355387 is handled. Duration 358 ms by bot id=8456242343
2025-09-21 07:04:57,799 - aiogram.event - INFO - Update id=38355388 is handled. Duration 109 ms by bot id=8456242343
2025-09-21 07:08:37,448 - aiogram.event - INFO - Update id=38355389 is handled. Duration 358 ms by bot id=8456242343
2025-09-21 07:09:40,609 - aiogram.event - INFO - Update id=38355390 is handled. Duration 2453 ms by bot id=8456242343
2025-09-21 07:10:06,054 - aiogram.event - INFO - Update id=38355391 is handled. Duration 2625 ms by bot id=8456242343
2025-09-21 07:10:23,512 - aiogram.event - INFO - Update id=38355392 is handled. Duration 343 ms by bot id=8456242343
2025-09-21 07:11:43,673 - aiogram.event - INFO - Update id=38355393 is handled. Duration 2031 ms by bot id=8456242343
2025-09-21 07:11:58,044 - aiogram.event - INFO - Update id=38355394 is handled. Duration 2094 ms by bot id=8456242343
2025-09-21 07:12:18,684 - aiogram.event - INFO - Update id=38355395 is handled. Duration 2281 ms by bot id=8456242343
2025-09-21 07:12:33,744 - aiogram.event - INFO - Update id=38355396 is handled. Duration 2937 ms by bot id=8456242343
2025-09-21 07:12:51,998 - aiogram.event - INFO - Update id=38355397 is handled. Duration 2531 ms by bot id=8456242343
2025-09-21 07:16:22,561 - aiogram.event - INFO - Update id=38355398 is not handled. Duration 0 ms by bot id=8456242343
2025-09-21 07:16:44,428 - aiogram.event - INFO - Update id=38355399 is not handled. Duration 0 ms by bot id=8456242343
2025-09-21 07:17:04,253 - aiogram.event - INFO - Update id=38355400 is not handled. Duration 0 ms by bot id=8456242343
2025-09-21 07:27:29,531 - config_harsh - INFO - 🔒 РАЗРЕШЕННЫЕ ЧАТЫ: [-1001268110120, -1001564216954]
2025-09-21 07:27:29,532 - config_harsh - INFO - 👑 АДМИНЫ: [1093943977]
2025-09-21 07:27:29,534 - config_harsh - INFO - ⚙️ Конфигурация v3.0 загружена (ГРУБЫЙ РЕЖИМ)
2025-09-21 07:27:30,852 - database - ERROR - ❌ Ошибка создания таблицы: near "INDEX": syntax error
2025-09-21 07:27:30,853 - database - ERROR - ❌ Ошибка создания таблицы: near "INDEX": syntax error
2025-09-21 07:27:30,855 - database - ERROR - ❌ Ошибка создания таблицы: near "INDEX": syntax error
2025-09-21 07:27:30,856 - database - ERROR - ❌ Ошибка создания таблицы: near "INDEX": syntax error
2025-09-21 07:27:30,857 - database - ERROR - ❌ Ошибка создания таблицы: near "INDEX": syntax error
2025-09-21 07:27:30,858 - database - ERROR - ❌ Ошибка создания таблицы: near "INDEX": syntax error
2025-09-21 07:27:30,859 - database - ERROR - ❌ Ошибка создания таблицы: near "INDEX": syntax error
2025-09-21 07:27:30,860 - database - ERROR - ❌ Ошибка создания таблицы: near "INDEX": syntax error
2025-09-21 07:27:30,861 - database - ERROR - ❌ Ошибка создания таблицы: near "INDEX": syntax error
2025-09-21 07:27:30,862 - database - ERROR - ❌ Ошибка создания таблицы: near "INDEX": syntax error
2025-09-21 07:27:30,863 - database - ERROR - ❌ Ошибка создания таблицы: near "INDEX": syntax error
2025-09-21 07:27:30,869 - database - ERROR - ❌ Ошибка создания таблицы: near "INDEX": syntax error
2025-09-21 07:27:30,871 - database - INFO - 📋 Таблицы созданы/обновлены
2025-09-21 07:27:30,874 - database - INFO - 💾 Database Service инициализирован
2025-09-21 07:27:30,874 - app.services.ai_service - INFO - 🧠 AI Service инициализирован
2025-09-21 07:27:30,876 - app.services.analytics_service - INFO - 📊 Analytics Service инициализирован
2025-09-21 07:27:30,879 - app.services.crypto_service - INFO - ₿ Crypto Service инициализирован
2025-09-21 07:27:30,880 - app.modules.memory_module - INFO - 🧠 Memory Module инициализирован
2025-09-21 07:27:30,881 - app.modules.moderation_module - INFO - 🛡️ Moderation Module инициализирован
2025-09-21 07:27:30,881 - app.modules.analytics_module - INFO - 📊 Analytics Module инициализирован
2025-09-21 07:27:30,882 - app.modules.behavior_module - INFO - 🌟 Behavior Module инициализирован
2025-09-21 07:27:30,883 - app.modules.stickers_module - INFO - 🎭 Stickers Module инициализирован
2025-09-21 07:27:30,883 - app.modules.crypto_module - INFO - ₿ Crypto Module инициализирован
2025-09-21 07:27:30,885 - app.modules.charts_module - INFO - 📈 Charts Module инициализирован
2025-09-21 07:27:30,886 - app.modules.triggers_module - INFO - ⚡ Triggers Module инициализирован
2025-09-21 07:27:30,886 - app.modules.permissions_module - INFO - 🔒 Permissions Module инициализирован
2025-09-21 07:27:30,889 - app.modules.permissions_module - INFO - 📥 Настройки разрешений загружены
2025-09-21 07:27:30,902 - app.handlers - INFO - 💀 ВСЕ обработчики зарегистрированы
2025-09-21 07:27:31,395 - __main__ - INFO - ⚙️ Команды настроены
2025-09-21 07:27:31,545 - aiogram.dispatcher - INFO - Start polling
2025-09-21 07:27:31,622 - aiogram.dispatcher - INFO - Run polling for bot @ChaTs_big_bot id=8456242343 - 'ChaTs_big'
2025-09-21 07:27:31,746 - aiogram.event - INFO - Update id=38355401 is not handled. Duration 14 ms by bot id=8456242343
2025-09-21 07:27:56,218 - aiogram.event - INFO - Update id=38355402 is handled. Duration 421 ms by bot id=8456242343
2025-09-21 07:28:01,996 - aiogram.event - INFO - Update id=38355403 is handled. Duration 687 ms by bot id=8456242343
2025-09-21 07:28:04,292 - app.handlers - ERROR - Ошибка получения топа криптовалют: Invalid variable type: value should be str, int or float, got False of type <class 'bool'>
2025-09-21 07:28:04,400 - aiogram.event - INFO - Update id=38355404 is handled. Duration 110 ms by bot id=8456242343
2025-09-21 07:28:06,170 - database - ERROR - ❌ Ошибка получения записи: cannot convert dictionary update sequence element #0 to a sequence
2025-09-21 07:28:06,172 - database - ERROR - ❌ Ошибка получения записи: no such column: timestamp
2025-09-21 07:28:06,179 - database - ERROR - ❌ Ошибка получения записи: no such column: timestamp
2025-09-21 07:28:06,204 - database - ERROR - ❌ Ошибка получения записи: cannot convert dictionary update sequence element #0 to a sequence
2025-09-21 07:28:06,208 - database - ERROR - ❌ Ошибка получения записи: no such table: user_actions
2025-09-21 07:28:06,226 - database - ERROR - ❌ Ошибка получения записи: no such table: user_actions
2025-09-21 07:28:06,235 - database - ERROR - ❌ Ошибка получения записи: no such table: user_actions
2025-09-21 07:28:06,236 - database - ERROR - ❌ Ошибка получения записи: no such column: timestamp
2025-09-21 07:28:06,368 - aiogram.event - INFO - Update id=38355405 is handled. Duration 203 ms by bot id=8456242343
2025-09-21 07:28:12,083 - database - ERROR - ❌ Ошибка выполнения запроса: table users has no column named first_seen
2025-09-21 07:28:12,085 - app.handlers - ERROR - Ошибка сохранения данных: table users has no column named first_seen
2025-09-21 07:28:12,098 - aiogram.event - INFO - Update id=38355406 is handled. Duration 16 ms by bot id=8456242343
2025-09-21 07:28:21,160 - app.modules.memory_module - ERROR - ❌ Ошибка получения контекста: 'DatabaseService' object has no attribute 'get_memory'
2025-09-21 07:28:23,280 - database - ERROR - ❌ Ошибка выполнения запроса: no such table: user_actions
2025-09-21 07:28:23,281 - app.handlers - ERROR - Ошибка трекинга: no such table: user_actions
2025-09-21 07:28:23,292 - app.modules.memory_module - ERROR - ❌ Ошибка добавления взаимодействия в память: 'DatabaseService' object has no attribute 'add_memory'
2025-09-21 07:28:23,316 - aiogram.event - INFO - Update id=38355407 is handled. Duration 2156 ms by bot id=8456242343
2025-09-21 07:28:32,578 - app.modules.memory_module - ERROR - ❌ Ошибка получения контекста: 'DatabaseService' object has no attribute 'get_memory'
2025-09-21 07:28:34,349 - database - ERROR - ❌ Ошибка выполнения запроса: no such table: user_actions
2025-09-21 07:28:34,351 - app.handlers - ERROR - Ошибка трекинга: no such table: user_actions
2025-09-21 07:28:34,356 - app.modules.memory_module - ERROR - ❌ Ошибка добавления взаимодействия в память: 'DatabaseService' object has no attribute 'add_memory'
2025-09-21 07:28:34,376 - aiogram.event - INFO - Update id=38355408 is handled. Duration 1812 ms by bot id=8456242343
2025-09-21 07:28:51,403 - aiogram.event - INFO - Update id=38355409 is handled. Duration 328 ms by bot id=8456242343
2025-09-21 07:28:54,148 - aiogram.event - INFO - Update id=38355410 is handled. Duration 93 ms by bot id=8456242343
2025-09-21 07:28:58,693 - database - ERROR - ❌ Ошибка получения записи: no such table: bans
2025-09-21 07:28:58,695 - database - ERROR - ❌ Ошибка получения записи: no such table: mutes
2025-09-21 07:28:58,702 - database - ERROR - ❌ Ошибка получения записи: no such table: mutes
2025-09-21 07:28:58,710 - database - ERROR - ❌ Ошибка получения записи: no such table: warnings
2025-09-21 07:28:58,822 - aiogram.event - INFO - Update id=38355411 is handled. Duration 125 ms by bot id=8456242343
2025-09-21 07:29:24,029 - aiogram.event - INFO - Update id=38355412 is handled. Duration 14 ms by bot id=8456242343
2025-09-21 07:29:26,010 - aiogram.event - INFO - Update id=38355413 is handled. Duration 0 ms by bot id=8456242343
2025-09-21 07:29:28,157 - aiogram.event - INFO - Update id=38355414 is handled. Duration 0 ms by bot id=8456242343
2025-09-21 07:29:44,216 - app.modules.memory_module - ERROR - ❌ Ошибка получения контекста: 'DatabaseService' object has no attribute 'get_memory'
2025-09-21 07:29:46,637 - database - ERROR - ❌ Ошибка выполнения запроса: no such table: user_actions
2025-09-21 07:29:46,637 - app.handlers - ERROR - Ошибка трекинга: no such table: user_actions
2025-09-21 07:29:46,641 - app.modules.memory_module - ERROR - ❌ Ошибка добавления взаимодействия в память: 'DatabaseService' object has no attribute 'add_memory'
2025-09-21 07:29:46,665 - aiogram.event - INFO - Update id=38355415 is handled. Duration 2453 ms by bot id=8456242343
2025-09-21 07:30:02,466 - aiogram.event - INFO - Update id=38355416 is handled. Duration 375 ms by bot id=8456242343
2025-09-21 07:30:18,501 - aiogram.event - INFO - Update id=38355417 is handled. Duration 358 ms by bot id=8456242343
2025-09-21 07:30:32,675 - database - ERROR - ❌ Ошибка получения записи: no such table: bans
2025-09-21 07:30:32,678 - database - ERROR - ❌ Ошибка получения записи: no such table: mutes
2025-09-21 07:30:32,690 - database - ERROR - ❌ Ошибка получения записи: no such table: mutes
2025-09-21 07:30:32,697 - database - ERROR - ❌ Ошибка получения записи: no such table: warnings
2025-09-21 07:30:32,803 - aiogram.event - INFO - Update id=38355418 is handled. Duration 125 ms by bot id=8456242343
2025-09-21 07:35:20,652 - database - ERROR - ❌ Ошибка выполнения запроса: table users has no column named first_seen
2025-09-21 07:35:20,654 - app.handlers - ERROR - Ошибка сохранения данных: table users has no column named first_seen
2025-09-21 07:35:20,666 - app.modules.memory_module - ERROR - ❌ Ошибка получения контекста: 'DatabaseService' object has no attribute 'get_memory'
2025-09-21 07:35:22,598 - database - ERROR - ❌ Ошибка выполнения запроса: no such table: user_actions
2025-09-21 07:35:22,600 - app.handlers - ERROR - Ошибка трекинга: no such table: user_actions
2025-09-21 07:35:22,607 - app.modules.memory_module - ERROR - ❌ Ошибка добавления взаимодействия в память: 'DatabaseService' object has no attribute 'add_memory'
2025-09-21 07:35:22,630 - aiogram.event - INFO - Update id=38355419 is handled. Duration 1983 ms by bot id=8456242343
2025-09-21 07:35:27,976 - aiogram.event - INFO - Update id=38355420 is handled. Duration 77 ms by bot id=8456242343
2025-09-21 07:35:41,599 - app.modules.memory_module - ERROR - ❌ Ошибка получения контекста: 'DatabaseService' object has no attribute 'get_memory'
2025-09-21 07:35:43,403 - database - ERROR - ❌ Ошибка выполнения запроса: no such table: user_actions
2025-09-21 07:35:43,404 - app.handlers - ERROR - Ошибка трекинга: no such table: user_actions
2025-09-21 07:35:43,412 - app.modules.memory_module - ERROR - ❌ Ошибка добавления взаимодействия в память: 'DatabaseService' object has no attribute 'add_memory'
2025-09-21 07:35:43,433 - aiogram.event - INFO - Update id=38355421 is handled. Duration 1844 ms by bot id=8456242343
2025-09-21 07:39:04,455 - database - ERROR - ❌ Ошибка выполнения запроса: table users has no column named first_seen
2025-09-21 07:39:04,457 - app.handlers - ERROR - Ошибка сохранения данных: table users has no column named first_seen
2025-09-21 07:39:04,955 - database - ERROR - ❌ Ошибка выполнения запроса: no such table: user_actions
2025-09-21 07:39:04,956 - app.handlers - ERROR - Ошибка трекинга: no such table: user_actions
2025-09-21 07:39:04,961 - aiogram.event - INFO - Update id=38355422 is handled. Duration 514 ms by bot id=8456242343
2025-09-21 07:39:19,109 - database - ERROR - ❌ Ошибка выполнения запроса: table users has no column named first_seen
2025-09-21 07:39:19,112 - app.handlers - ERROR - Ошибка сохранения данных: table users has no column named first_seen
2025-09-21 07:39:19,235 - database - ERROR - ❌ Ошибка выполнения запроса: no such table: user_actions
2025-09-21 07:39:19,236 - app.handlers - ERROR - Ошибка трекинга: no such table: user_actions
2025-09-21 07:39:19,252 - aiogram.event - INFO - Update id=38355423 is handled. Duration 156 ms by bot id=8456242343
2025-09-21 07:39:32,103 - app.modules.memory_module - ERROR - ❌ Ошибка получения контекста: 'DatabaseService' object has no attribute 'get_memory'
2025-09-21 07:39:33,880 - database - ERROR - ❌ Ошибка выполнения запроса: no such table: user_actions
2025-09-21 07:39:33,882 - app.handlers - ERROR - Ошибка трекинга: no such table: user_actions
2025-09-21 07:39:33,893 - app.modules.memory_module - ERROR - ❌ Ошибка добавления взаимодействия в память: 'DatabaseService' object has no attribute 'add_memory'
2025-09-21 07:39:33,913 - aiogram.event - INFO - Update id=38355424 is handled. Duration 1812 ms by bot id=8456242343
2025-09-21 07:39:50,811 - app.modules.memory_module - ERROR - ❌ Ошибка получения контекста: 'DatabaseService' object has no attribute 'get_memory'
2025-09-21 07:39:52,531 - database - ERROR - ❌ Ошибка выполнения запроса: no such table: user_actions
2025-09-21 07:39:52,533 - app.handlers - ERROR - Ошибка трекинга: no such table: user_actions
2025-09-21 07:39:52,548 - app.modules.memory_module - ERROR - ❌ Ошибка добавления взаимодействия в память: 'DatabaseService' object has no attribute 'add_memory'
2025-09-21 07:39:52,569 - aiogram.event - INFO - Update id=38355425 is handled. Duration 1765 ms by bot id=8456242343
2025-09-21 07:40:00,177 - app.modules.memory_module - ERROR - ❌ Ошибка получения контекста: 'DatabaseService' object has no attribute 'get_memory'
2025-09-21 07:40:01,705 - database - ERROR - ❌ Ошибка выполнения запроса: no such table: user_actions
2025-09-21 07:40:01,707 - app.handlers - ERROR - Ошибка трекинга: no such table: user_actions
2025-09-21 07:40:01,715 - app.modules.memory_module - ERROR - ❌ Ошибка добавления взаимодействия в память: 'DatabaseService' object has no attribute 'add_memory'
2025-09-21 07:40:01,735 - aiogram.event - INFO - Update id=38355426 is handled. Duration 1562 ms by bot id=8456242343
2025-09-21 07:40:44,087 - aiogram.event - INFO - Update id=38355427 is not handled. Duration 0 ms by bot id=8456242343
2025-09-21 07:41:01,378 - database - ERROR - ❌ Ошибка выполнения запроса: table users has no column named first_seen
2025-09-21 07:41:01,380 - app.handlers - ERROR - Ошибка сохранения данных: table users has no column named first_seen
2025-09-21 07:41:01,396 - app.modules.memory_module - ERROR - ❌ Ошибка получения контекста: 'DatabaseService' object has no attribute 'get_memory'
2025-09-21 07:41:02,879 - database - ERROR - ❌ Ошибка выполнения запроса: no such table: user_actions
2025-09-21 07:41:02,880 - app.handlers - ERROR - Ошибка трекинга: no such table: user_actions
2025-09-21 07:41:02,886 - app.modules.memory_module - ERROR - ❌ Ошибка добавления взаимодействия в память: 'DatabaseService' object has no attribute 'add_memory'
2025-09-21 07:41:02,895 - aiogram.event - INFO - Update id=38355428 is handled. Duration 1531 ms by bot id=8456242343
2025-09-21 07:41:13,606 - app.modules.memory_module - ERROR - ❌ Ошибка получения контекста: 'DatabaseService' object has no attribute 'get_memory'
2025-09-21 07:41:16,543 - database - ERROR - ❌ Ошибка выполнения запроса: no such table: user_actions
2025-09-21 07:41:16,544 - app.handlers - ERROR - Ошибка трекинга: no such table: user_actions
2025-09-21 07:41:16,550 - app.modules.memory_module - ERROR - ❌ Ошибка добавления взаимодействия в память: 'DatabaseService' object has no attribute 'add_memory'
2025-09-21 07:41:16,559 - aiogram.event - INFO - Update id=38355429 is handled. Duration 2968 ms by bot id=8456242343
2025-09-21 07:41:43,435 - app.modules.memory_module - ERROR - ❌ Ошибка получения контекста: 'DatabaseService' object has no attribute 'get_memory'
2025-09-21 07:41:46,349 - database - ERROR - ❌ Ошибка выполнения запроса: no such table: user_actions
2025-09-21 07:41:46,350 - app.handlers - ERROR - Ошибка трекинга: no such table: user_actions
2025-09-21 07:41:46,360 - app.modules.memory_module - ERROR - ❌ Ошибка добавления взаимодействия в память: 'DatabaseService' object has no attribute 'add_memory'
2025-09-21 07:41:46,371 - aiogram.event - INFO - Update id=38355430 is handled. Duration 2937 ms by bot id=8456242343
2025-09-21 07:41:56,599 - app.modules.memory_module - ERROR - ❌ Ошибка получения контекста: 'DatabaseService' object has no attribute 'get_memory'
2025-09-21 07:41:58,055 - database - ERROR - ❌ Ошибка выполнения запроса: no such table: user_actions
2025-09-21 07:41:58,056 - app.handlers - ERROR - Ошибка трекинга: no such table: user_actions
2025-09-21 07:41:58,062 - app.modules.memory_module - ERROR - ❌ Ошибка добавления взаимодействия в память: 'DatabaseService' object has no attribute 'add_memory'
2025-09-21 07:41:58,073 - aiogram.event - INFO - Update id=38355431 is handled. Duration 1483 ms by bot id=8456242343
2025-09-21 07:42:35,472 - app.modules.memory_module - ERROR - ❌ Ошибка получения контекста: 'DatabaseService' object has no attribute 'get_memory'
2025-09-21 07:42:37,236 - database - ERROR - ❌ Ошибка выполнения запроса: no such table: user_actions
2025-09-21 07:42:37,241 - app.handlers - ERROR - Ошибка трекинга: no such table: user_actions
2025-09-21 07:42:37,249 - app.modules.memory_module - ERROR - ❌ Ошибка добавления взаимодействия в память: 'DatabaseService' object has no attribute 'add_memory'
2025-09-21 07:42:37,273 - aiogram.event - INFO - Update id=38355432 is handled. Duration 1812 ms by bot id=8456242343
2025-09-21 07:42:49,777 - app.modules.memory_module - ERROR - ❌ Ошибка получения контекста: 'DatabaseService' object has no attribute 'get_memory'
2025-09-21 07:42:51,724 - database - ERROR - ❌ Ошибка выполнения запроса: no such table: user_actions
2025-09-21 07:42:51,726 - app.handlers - ERROR - Ошибка трекинга: no such table: user_actions
2025-09-21 07:42:51,733 - app.modules.memory_module - ERROR - ❌ Ошибка добавления взаимодействия в память: 'DatabaseService' object has no attribute 'add_memory'
2025-09-21 07:42:51,752 - aiogram.event - INFO - Update id=38355433 is handled. Duration 1983 ms by bot id=8456242343
2025-09-21 07:43:02,213 - app.modules.memory_module - ERROR - ❌ Ошибка получения контекста: 'DatabaseService' object has no attribute 'get_memory'
2025-09-21 07:43:05,032 - database - ERROR - ❌ Ошибка выполнения запроса: no such table: user_actions
2025-09-21 07:43:05,033 - app.handlers - ERROR - Ошибка трекинга: no such table: user_actions
2025-09-21 07:43:05,042 - app.modules.memory_module - ERROR - ❌ Ошибка добавления взаимодействия в память: 'DatabaseService' object has no attribute 'add_memory'
2025-09-21 07:43:05,067 - aiogram.event - INFO - Update id=38355434 is handled. Duration 2858 ms by bot id=8456242343
2025-09-21 07:43:23,006 - aiogram.event - INFO - Update id=38355435 is handled. Duration 343 ms by bot id=8456242343
2025-09-21 07:43:26,322 - app.modules.memory_module - ERROR - ❌ Ошибка получения контекста: 'DatabaseService' object has no attribute 'get_memory'
2025-09-21 07:43:27,993 - database - ERROR - ❌ Ошибка выполнения запроса: no such table: user_actions
2025-09-21 07:43:27,996 - app.handlers - ERROR - Ошибка трекинга: no such table: user_actions
2025-09-21 07:43:28,002 - app.modules.memory_module - ERROR - ❌ Ошибка добавления взаимодействия в память: 'DatabaseService' object has no attribute 'add_memory'
2025-09-21 07:43:28,023 - aiogram.event - INFO - Update id=38355436 is handled. Duration 1703 ms by bot id=8456242343
2025-09-21 07:43:56,557 - app.modules.memory_module - ERROR - ❌ Ошибка получения контекста: 'DatabaseService' object has no attribute 'get_memory'
2025-09-21 07:43:57,994 - database - ERROR - ❌ Ошибка выполнения запроса: no such table: user_actions
2025-09-21 07:43:57,996 - app.handlers - ERROR - Ошибка трекинга: no such table: user_actions
2025-09-21 07:43:58,004 - app.modules.memory_module - ERROR - ❌ Ошибка добавления взаимодействия в память: 'DatabaseService' object has no attribute 'add_memory'
2025-09-21 07:43:58,028 - aiogram.event - INFO - Update id=38355437 is handled. Duration 1468 ms by bot id=8456242343
2025-09-21 07:44:10,761 - app.modules.memory_module - ERROR - ❌ Ошибка получения контекста: 'DatabaseService' object has no attribute 'get_memory'
2025-09-21 07:44:12,552 - database - ERROR - ❌ Ошибка выполнения запроса: no such table: user_actions
2025-09-21 07:44:12,553 - app.handlers - ERROR - Ошибка трекинга: no such table: user_actions
2025-09-21 07:44:12,562 - app.modules.memory_module - ERROR - ❌ Ошибка добавления взаимодействия в память: 'DatabaseService' object has no attribute 'add_memory'
2025-09-21 07:44:12,584 - aiogram.event - INFO - Update id=38355438 is handled. Duration 1827 ms by bot id=8456242343
2025-09-21 07:44:18,684 - app.modules.memory_module - ERROR - ❌ Ошибка получения контекста: 'DatabaseService' object has no attribute 'get_memory'
2025-09-21 07:44:20,721 - database - ERROR - ❌ Ошибка выполнения запроса: no such table: user_actions
2025-09-21 07:44:20,723 - app.handlers - ERROR - Ошибка трекинга: no such table: user_actions
2025-09-21 07:44:20,729 - app.modules.memory_module - ERROR - ❌ Ошибка добавления взаимодействия в память: 'DatabaseService' object has no attribute 'add_memory'
2025-09-21 07:44:20,750 - aiogram.event - INFO - Update id=38355439 is handled. Duration 2078 ms by bot id=8456242343
2025-09-21 07:44:44,938 - app.modules.memory_module - ERROR - ❌ Ошибка получения контекста: 'DatabaseService' object has no attribute 'get_memory'
2025-09-21 07:44:47,030 - database - ERROR - ❌ Ошибка выполнения запроса: no such table: user_actions
2025-09-21 07:44:47,031 - app.handlers - ERROR - Ошибка трекинга: no such table: user_actions
2025-09-21 07:44:47,037 - app.modules.memory_module - ERROR - ❌ Ошибка добавления взаимодействия в память: 'DatabaseService' object has no attribute 'add_memory'
2025-09-21 07:44:47,065 - aiogram.event - INFO - Update id=38355440 is handled. Duration 2139 ms by bot id=8456242343
2025-09-21 07:45:05,187 - app.modules.memory_module - ERROR - ❌ Ошибка получения контекста: 'DatabaseService' object has no attribute 'get_memory'
2025-09-21 07:45:06,787 - database - ERROR - ❌ Ошибка выполнения запроса: no such table: user_actions
2025-09-21 07:45:06,789 - app.handlers - ERROR - Ошибка трекинга: no such table: user_actions
2025-09-21 07:45:06,800 - app.modules.memory_module - ERROR - ❌ Ошибка добавления взаимодействия в память: 'DatabaseService' object has no attribute 'add_memory'
2025-09-21 07:45:06,821 - aiogram.event - INFO - Update id=38355441 is handled. Duration 1639 ms by bot id=8456242343
2025-09-21 07:45:06,829 - database - ERROR - ❌ Ошибка выполнения запроса: table users has no column named first_seen
2025-09-21 07:45:06,845 - app.handlers - ERROR - Ошибка сохранения данных: table users has no column named first_seen
2025-09-21 07:45:06,850 - aiogram.event - INFO - Update id=38355442 is handled. Duration 62 ms by bot id=8456242343
2025-09-21 07:45:49,555 - app.modules.memory_module - ERROR - ❌ Ошибка получения контекста: 'DatabaseService' object has no attribute 'get_memory'
2025-09-21 07:45:52,251 - database - ERROR - ❌ Ошибка выполнения запроса: no such table: user_actions
2025-09-21 07:45:52,253 - app.handlers - ERROR - Ошибка трекинга: no such table: user_actions
2025-09-21 07:45:52,285 - app.modules.memory_module - ERROR - ❌ Ошибка добавления взаимодействия в память: 'DatabaseService' object has no attribute 'add_memory'
2025-09-21 07:45:52,285 - aiogram.event - INFO - Update id=38355443 is handled. Duration 2734 ms by bot id=8456242343
2025-09-21 07:47:25,243 - aiogram.event - INFO - Update id=38355444 is not handled. Duration 0 ms by bot id=8456242343
2025-09-21 07:47:45,681 - aiogram.event - INFO - Update id=38355445 is not handled. Duration 0 ms by bot id=8456242343
2025-09-21 07:48:02,610 - aiogram.event - INFO - Update id=38355446 is not handled. Duration 0 ms by bot id=8456242343
2025-09-21 08:04:27,901 - config_harsh - INFO - 🔒 РАЗРЕШЕННЫЕ ЧАТЫ: [-1001268110120, -1001564216954]
2025-09-21 08:04:27,902 - config_harsh - INFO - 👑 АДМИНЫ: [1093943977]
2025-09-21 08:04:27,904 - config_harsh - INFO - ⚙️ Конфигурация v3.0 загружена (ГРУБЫЙ РЕЖИМ)
2025-09-21 08:04:29,257 - database - ERROR - ❌ Ошибка создания индекса: no such column: timestamp
2025-09-21 08:04:29,280 - database - INFO - 🚀 Индексы созданы
2025-09-21 08:04:29,282 - database - ERROR - ❌ Ошибка инициализации БД: table system_settings has no column named category
2025-09-21 08:04:29,286 - __main__ - ERROR - 💥 Критическая ошибка: table system_settings has no column named category
2025-09-21 08:15:05,544 - config - INFO - 🔒 РАЗРЕШЕННЫЕ ЧАТЫ: [-1001268110120, -1001564216954]
2025-09-21 08:15:05,545 - config - INFO - 👑 АДМИНЫ: [1093943977]
2025-09-21 08:15:05,547 - config - INFO - ⚙️ Конфигурация v3.0 загружена (ГРУБЫЙ РЕЖИМ)
2025-09-21 08:15:06,803 - database - ERROR - ❌ Ошибка создания индекса: no such column: timestamp
2025-09-21 08:15:06,813 - database - INFO - 🚀 Индексы созданы
2025-09-21 08:15:06,814 - database - ERROR - ❌ Ошибка инициализации БД: table system_settings has no column named category
2025-09-21 08:15:06,815 - __main__ - ERROR - 💥 Критическая ошибка: table system_settings has no column named category
2025-09-21 08:19:01,899 - config - INFO - 🔒 РАЗРЕШЕННЫЕ ЧАТЫ: [-1001268110120, -1001564216954]
2025-09-21 08:19:01,901 - config - INFO - 👑 АДМИНЫ: [1093943977]
2025-09-21 08:19:01,902 - config - INFO - ⚙️ Конфигурация v3.0 загружена (ГРУБЫЙ РЕЖИМ)
2025-09-21 08:19:03,367 - database - ERROR - ❌ Ошибка создания индекса: no such column: timestamp
2025-09-21 08:19:03,379 - database - INFO - 🚀 Индексы созданы
2025-09-21 08:19:03,381 - database - ERROR - ❌ Ошибка инициализации БД: table system_settings has no column named category
2025-09-21 08:19:03,381 - __main__ - ERROR - 💥 Критическая ошибка: table system_settings has no column named category
2025-09-21 08:37:43,418 - config_harsh - INFO - 🔒 РАЗРЕШЕННЫЕ ЧАТЫ: [-1001268110120, -1001564216954]
2025-09-21 08:37:43,419 - config_harsh - INFO - 👑 АДМИНЫ: [1093943977]
2025-09-21 08:37:43,421 - config_harsh - INFO - ⚙️ Конфигурация v3.0 загружена (ГРУБЫЙ РЕЖИМ)
2025-09-21 08:37:44,798 - database - ERROR - ❌ Ошибка создания индекса: no such column: timestamp
2025-09-21 08:37:44,810 - database - INFO - 🚀 Индексы созданы
2025-09-21 08:37:44,814 - database - ERROR - ❌ Ошибка инициализации БД: table system_settings has no column named category
2025-09-21 08:37:44,817 - __main__ - ERROR - 💥 Критическая ошибка: table system_settings has no column named category
2025-09-21 08:45:46,203 - config_harsh - INFO - 🔒 РАЗРЕШЕННЫЕ ЧАТЫ: [-1001268110120, -1001564216954]
2025-09-21 08:45:46,204 - config_harsh - INFO - 👑 АДМИНЫ: [1093943977]
2025-09-21 08:45:46,204 - config_harsh - INFO - ⚙️ Конфигурация v3.0 загружена (ГРУБЫЙ РЕЖИМ)
2025-09-21 08:45:47,670 - database - ERROR - ❌ Ошибка создания индекса: no such column: timestamp
2025-09-21 08:45:47,682 - database - INFO - 🚀 Индексы созданы
2025-09-21 08:45:47,682 - database - ERROR - ❌ Ошибка инициализации БД: table system_settings has no column named category
2025-09-21 08:45:47,682 - __main__ - ERROR - 💥 Критическая ошибка: table system_settings has no column named category
2025-09-21 08:47:08,589 - config_harsh - INFO - 🔒 РАЗРЕШЕННЫЕ ЧАТЫ: [-1001268110120, -1001564216954]
2025-09-21 08:47:08,591 - config_harsh - INFO - 👑 АДМИНЫ: [1093943977]
2025-09-21 08:47:08,593 - config_harsh - INFO - ⚙️ Конфигурация v3.0 загружена (ГРУБЫЙ РЕЖИМ)
2025-09-21 08:47:09,979 - database - ERROR - ❌ Ошибка создания индекса: no such column: timestamp
2025-09-21 08:47:09,989 - database - INFO - 🚀 Индексы созданы
2025-09-21 08:47:09,990 - database - ERROR - ❌ Ошибка инициализации БД: table system_settings has no column named category
2025-09-21 08:47:09,991 - __main__ - ERROR - 💥 Критическая ошибка: table system_settings has no column named category
2025-09-21 09:25:32,896 - config_harsh - INFO - 🔒 РАЗРЕШЕННЫЕ ЧАТЫ: [-1001268110120, -1001564216954]
2025-09-21 09:25:32,898 - config_harsh - INFO - 👑 АДМИНЫ: [1093943977]
2025-09-21 09:25:32,901 - config_harsh - INFO - ⚙️ Конфигурация v3.0 загружена (ГРУБЫЙ РЕЖИМ)
2025-09-21 09:25:34,313 - database - ERROR - ❌ Ошибка создания индекса: no such column: timestamp
2025-09-21 09:25:34,321 - database - INFO - 🚀 Индексы созданы
2025-09-21 09:25:34,322 - database - ERROR - ❌ Ошибка инициализации БД: table system_settings has no column named description
2025-09-21 09:25:34,323 - __main__ - ERROR - 💥 Критическая ошибка: table system_settings has no column named description
2025-09-21 09:34:02,209 - config_harsh - WARNING - ⚠️ НЕТ РАЗРЕШЕННЫХ ЧАТОВ - настройте ALLOWED_CHAT_IDS
2025-09-21 09:34:02,210 - config_harsh - INFO - 👑 АДМИНЫ: [1093943977]
2025-09-21 09:34:02,215 - config_harsh - INFO - ⚙️ Конфигурация v3.0 загружена (ГРУБЫЙ РЕЖИМ)
2025-09-21 09:34:03,591 - database - ERROR - ❌ Ошибка создания индекса: no such column: timestamp
2025-09-21 09:34:03,603 - database - INFO - 🚀 Индексы созданы
2025-09-21 09:34:03,604 - database - ERROR - ❌ Ошибка инициализации БД: table system_settings has no column named description
2025-09-21 09:34:03,605 - __main__ - ERROR - 💥 Критическая ошибка: table system_settings has no column named description
2025-09-21 09:40:24,586 - config_harsh - WARNING - ⚠️ НЕТ РАЗРЕШЕННЫХ ЧАТОВ - настройте ALLOWED_CHAT_IDS
2025-09-21 09:40:24,588 - config_harsh - INFO - 👑 АДМИНЫ: [1093943977]
2025-09-21 09:40:24,604 - config_harsh - INFO - ⚙️ Конфигурация v3.0 загружена (ГРУБЫЙ РЕЖИМ)
2025-09-21 09:40:26,102 - database - INFO - 🚀 Индексы созданы
2025-09-21 09:40:26,111 - database - INFO - ⚙️ Расширенные настройки инициализированы
2025-09-21 09:40:26,163 - database - INFO - 📋 Расширенные таблицы созданы
2025-09-21 09:40:26,171 - database - INFO - 💾 Расширенная база данных инициализирована
2025-09-21 09:40:26,697 - __main__ - INFO - ⚙️ Команды настроены
2025-09-21 09:40:26,873 - aiogram.dispatcher - INFO - Start polling
2025-09-21 09:40:26,952 - aiogram.dispatcher - INFO - Run polling for bot @ChaTs_big_bot id=8456242343 - 'ChaTs_big'
2025-09-21 09:40:27,122 - aiogram.event - INFO - Update id=38355447 is not handled. Duration 0 ms by bot id=8456242343
2025-09-21 09:40:27,122 - aiogram.event - INFO - Update id=38355448 is not handled. Duration 0 ms by bot id=8456242343
2025-09-21 09:40:27,130 - aiogram.event - INFO - Update id=38355449 is not handled. Duration 0 ms by bot id=8456242343
2025-09-21 09:40:27,161 - aiogram.event - INFO - Update id=38355450 is not handled. Duration 0 ms by bot id=8456242343
2025-09-21 09:40:27,164 - aiogram.event - INFO - Update id=38355451 is not handled. Duration 0 ms by bot id=8456242343
2025-09-21 09:40:27,187 - aiogram.event - INFO - Update id=38355452 is not handled. Duration 0 ms by bot id=8456242343
2025-09-21 09:40:27,191 - aiogram.event - INFO - Update id=38355453 is not handled. Duration 0 ms by bot id=8456242343
2025-09-21 09:40:27,210 - aiogram.event - INFO - Update id=38355454 is not handled. Duration 0 ms by bot id=8456242343
2025-09-21 09:40:27,213 - aiogram.event - INFO - Update id=38355455 is not handled. Duration 0 ms by bot id=8456242343
2025-09-21 09:40:27,228 - aiogram.event - INFO - Update id=38355456 is not handled. Duration 0 ms by bot id=8456242343
2025-09-21 09:40:27,233 - aiogram.event - INFO - Update id=38355457 is not handled. Duration 0 ms by bot id=8456242343
2025-09-21 09:40:27,250 - aiogram.event - INFO - Update id=38355458 is not handled. Duration 0 ms by bot id=8456242343
2025-09-21 09:40:27,256 - aiogram.event - INFO - Update id=38355459 is not handled. Duration 0 ms by bot id=8456242343
2025-09-21 09:40:27,275 - aiogram.event - INFO - Update id=38355460 is not handled. Duration 0 ms by bot id=8456242343
2025-09-21 09:40:27,299 - aiogram.event - INFO - Update id=38355461 is not handled. Duration 0 ms by bot id=8456242343
2025-09-21 09:40:27,304 - aiogram.event - INFO - Update id=38355462 is not handled. Duration 0 ms by bot id=8456242343
2025-09-21 09:40:27,329 - aiogram.event - INFO - Update id=38355463 is not handled. Duration 0 ms by bot id=8456242343
2025-09-21 09:40:27,336 - aiogram.event - INFO - Update id=38355464 is not handled. Duration 0 ms by bot id=8456242343
2025-09-21 09:40:27,337 - aiogram.event - INFO - Update id=38355465 is not handled. Duration 0 ms by bot id=8456242343
2025-09-21 09:40:27,353 - aiogram.event - INFO - Update id=38355466 is not handled. Duration 0 ms by bot id=8456242343
2025-09-21 09:40:27,366 - aiogram.event - INFO - Update id=38355467 is not handled. Duration 0 ms by bot id=8456242343
2025-09-21 09:40:53,884 - aiogram.event - INFO - Update id=38355468 is not handled. Duration 0 ms by bot id=8456242343
2025-09-21 09:40:57,529 - aiogram.event - INFO - Update id=38355469 is not handled. Duration 0 ms by bot id=8456242343
2025-09-21 09:41:11,898 - aiogram.event - INFO - Update id=38355470 is not handled. Duration 0 ms by bot id=8456242343
2025-09-21 09:41:14,461 - aiogram.event - INFO - Update id=38355471 is not handled. Duration 0 ms by bot id=8456242343
2025-09-21 09:41:15,333 - aiogram.event - INFO - Update id=38355472 is not handled. Duration 0 ms by bot id=8456242343
2025-09-21 09:44:42,224 - config_harsh - INFO - 🔒 РАЗРЕШЕННЫЕ ЧАТЫ: [-1001268110120, -1001564216954]
2025-09-21 09:44:42,225 - config_harsh - INFO - 👑 АДМИНЫ: [1093943977]
2025-09-21 09:44:42,228 - config_harsh - INFO - ⚙️ Конфигурация v3.0 загружена (ГРУБЫЙ РЕЖИМ)
2025-09-21 09:44:43,608 - database - INFO - 🚀 Индексы созданы
2025-09-21 09:44:43,614 - database - INFO - ⚙️ Расширенные настройки инициализированы
2025-09-21 09:44:43,615 - database - INFO - 📋 Расширенные таблицы созданы
2025-09-21 09:44:43,616 - database - INFO - 💾 Расширенная база данных инициализирована
2025-09-21 09:44:44,067 - __main__ - INFO - ⚙️ Команды настроены
2025-09-21 09:44:44,210 - aiogram.dispatcher - INFO - Start polling
2025-09-21 09:44:44,279 - aiogram.dispatcher - INFO - Run polling for bot @ChaTs_big_bot id=8456242343 - 'ChaTs_big'
2025-09-21 09:44:44,390 - aiogram.event - INFO - Update id=38355473 is not handled. Duration 0 ms by bot id=8456242343
2025-09-21 09:44:52,361 - aiogram.event - INFO - Update id=38355474 is not handled. Duration 0 ms by bot id=8456242343
2025-09-21 09:44:56,857 - aiogram.event - INFO - Update id=38355475 is not handled. Duration 0 ms by bot id=8456242343
2025-09-21 09:45:03,012 - aiogram.event - INFO - Update id=38355476 is not handled. Duration 0 ms by bot id=8456242343
2025-09-21 09:45:44,277 - config_harsh - INFO - 🔒 РАЗРЕШЕННЫЕ ЧАТЫ: [-1001268110120, -1001564216954]
2025-09-21 09:45:44,278 - config_harsh - INFO - 👑 АДМИНЫ: [1093943977]
2025-09-21 09:45:44,282 - config_harsh - INFO - ⚙️ Конфигурация v3.0 загружена (ГРУБЫЙ РЕЖИМ)
2025-09-21 09:45:45,529 - database - INFO - 🚀 Индексы созданы
2025-09-21 09:45:45,535 - database - INFO - ⚙️ Расширенные настройки инициализированы
2025-09-21 09:45:45,536 - database - INFO - 📋 Расширенные таблицы созданы
2025-09-21 09:45:45,536 - database - INFO - 💾 Расширенная база данных инициализирована
2025-09-21 09:45:46,030 - __main__ - INFO - ⚙️ Команды настроены
2025-09-21 09:45:46,188 - aiogram.dispatcher - INFO - Start polling
2025-09-21 09:45:46,259 - aiogram.dispatcher - INFO - Run polling for bot @ChaTs_big_bot id=8456242343 - 'ChaTs_big'
2025-09-21 09:46:11,640 - aiogram.event - INFO - Update id=38355477 is not handled. Duration 0 ms by bot id=8456242343
2025-09-21 09:46:21,340 - aiogram.event - INFO - Update id=38355478 is not handled. Duration 0 ms by bot id=8456242343
2025-09-21 09:46:29,469 - aiogram.event - INFO - Update id=38355479 is not handled. Duration 0 ms by bot id=8456242343
